<?xml version="1.0" encoding="utf-8"?><testsuites name="pytest tests"><testsuite name="pytest" errors="0" failures="2" skipped="0" tests="11" time="2.143" timestamp="2026-02-27T10:25:44.425346+00:00" hostname="agent-env-5a69a286-8a81-4509-ab0f-c6ffb619f2ea"><testcase classname="backend.tests.test_sub_style_options.TestSubStyleOptionsAPI" name="test_get_suits_styling_returns_sub_options" time="0.159" /><testcase classname="backend.tests.test_sub_style_options.TestSubStyleOptionsAPI" name="test_patch_option_has_sub_options_enabled" time="0.104" /><testcase classname="backend.tests.test_sub_style_options.TestSubStyleOptionsAPI" name="test_patch_option_sub_options_content" time="0.131" /><testcase classname="backend.tests.test_sub_style_options.TestSubStyleOptionsAPI" name="test_sub_option_structure" time="0.101" /><testcase classname="backend.tests.test_sub_style_options.TestSubStyleOptionsAPI" name="test_round_sub_option_surcharge" time="0.113" /><testcase classname="backend.tests.test_sub_style_options.TestSubStyleOptionsAPI" name="test_flap_sub_option_is_default" time="0.112" /><testcase classname="backend.tests.test_sub_style_options.TestAdminLogin" name="test_admin_login" time="0.346"><failure message="AssertionError: Login response should contain token&#10;assert 'token' in {'access_token': 'eyJhbGciOiJIUzI1NiIsInR5cCI6IkpXVCJ9.eyJzdWIiOiJhZG1pbkBzdWl0c2luZGlhLmNvbSIsImV4cCI6MTc3Mjc5Mjc0NX0.4MqwbnvydEXPSD2efDqjRv2ghUiPKuzEyauc4aIADco', 'token_type': 'bearer', 'user': {'email': 'admin@suitsindia.com', 'full_name': 'Admin User', 'is_admin': True, 'permissions': {'all': True}, ...}}">backend/tests/test_sub_style_options.py:139: in test_admin_login
    assert "token" in data, "Login response should contain token"
E   AssertionError: Login response should contain token
E   assert 'token' in {'access_token': 'eyJhbGciOiJIUzI1NiIsInR5cCI6IkpXVCJ9.eyJzdWIiOiJhZG1pbkBzdWl0c2luZGlhLmNvbSIsImV4cCI6MTc3Mjc5Mjc0NX0.4MqwbnvydEXPSD2efDqjRv2ghUiPKuzEyauc4aIADco', 'token_type': 'bearer', 'user': {'email': 'admin@suitsindia.com', 'full_name': 'Admin User', 'is_admin': True, 'permissions': {'all': True}, ...}}</failure></testcase><testcase classname="backend.tests.test_sub_style_options.TestStylingUpdateWithSubOptions" name="test_update_styling_preserves_sub_options" time="0.674" /><testcase classname="backend.tests.test_sub_style_options.TestOtherOptionsNoSubOptions" name="test_flap_option_no_sub_options" time="0.100" /><testcase classname="backend.tests.test_sub_style_options.TestOtherOptionsNoSubOptions" name="test_jetted_option_no_sub_options" time="0.099" /><testcase classname="backend.tests.test_sub_style_options.TestResellerLogin" name="test_reseller_login" time="0.103"><failure message="AssertionError: Reseller login failed: 405 - {&quot;detail&quot;:&quot;Method Not Allowed&quot;}&#10;assert 405 == 200&#10; +  where 405 = &lt;Response [405]&gt;.status_code">backend/tests/test_sub_style_options.py:227: in test_reseller_login
    assert response.status_code == 200, f"Reseller login failed: {response.status_code} - {response.text}"
E   AssertionError: Reseller login failed: 405 - {"detail":"Method Not Allowed"}
E   assert 405 == 200
E    +  where 405 = &lt;Response [405]&gt;.status_code</failure></testcase></testsuite></testsuites>