<?xml version="1.0" encoding="utf-8"?><testsuites name="pytest tests"><testsuite name="pytest" errors="0" failures="0" skipped="0" tests="13" time="4.112" timestamp="2026-02-28T13:27:37.645538+00:00" hostname="agent-env-365eab7c-f296-4538-84b5-2f5137cc850a"><testcase classname="backend.tests.test_staff_order_ownership.TestStaffAuthentication" name="test_staff_login_returns_parent_reseller_email" time="0.382" /><testcase classname="backend.tests.test_staff_order_ownership.TestStaffAuthentication" name="test_reseller_login_does_not_have_parent_reseller_email" time="0.478" /><testcase classname="backend.tests.test_staff_order_ownership.TestStaffOrderCreation" name="test_staff_create_order_sets_parent_reseller_email" time="0.587" /><testcase classname="backend.tests.test_staff_order_ownership.TestStaffOrderCreation" name="test_reseller_create_order_sets_own_email" time="0.117" /><testcase classname="backend.tests.test_staff_order_ownership.TestStaffOrderVisibility" name="test_staff_can_see_wip_orders" time="0.110" /><testcase classname="backend.tests.test_staff_order_ownership.TestStaffOrderVisibility" name="test_reseller_can_see_staff_created_orders_in_wip" time="0.111" /><testcase classname="backend.tests.test_staff_order_ownership.TestStaffOrderVisibility" name="test_staff_tab_shows_staff_created_orders" time="0.114" /><testcase classname="backend.tests.test_staff_order_ownership.TestStaffOrderOperations" name="test_staff_can_view_parent_reseller_order" time="0.230" /><testcase classname="backend.tests.test_staff_order_ownership.TestStaffOrderOperations" name="test_staff_can_update_parent_reseller_order" time="0.211" /><testcase classname="backend.tests.test_staff_order_ownership.TestStaffOrderOperations" name="test_staff_can_copy_parent_reseller_order" time="0.253" /><testcase classname="backend.tests.test_staff_order_ownership.TestStaffOrderOperations" name="test_staff_can_update_order_status" time="0.229" /><testcase classname="backend.tests.test_staff_order_ownership.TestStaffCannotAccessOtherResellerOrders" name="test_staff_cannot_see_other_reseller_orders" time="0.579" /><testcase classname="backend.tests.test_staff_order_ownership.TestCleanup" name="test_cleanup_test_orders" time="0.638" /></testsuite></testsuites>