<?xml version="1.0" encoding="utf-8"?><testsuites name="pytest tests"><testsuite name="pytest" errors="0" failures="0" skipped="0" tests="19" time="6.654" timestamp="2026-02-20T07:54:27.867818+00:00" hostname="agent-env-e6a825d6-a294-4919-b36a-a0fd87937671"><testcase classname="tests.test_pricing_module_v2.TestFabricPriceCodesWithSKU" name="test_get_all_fabrics_includes_sku" time="0.708" /><testcase classname="tests.test_pricing_module_v2.TestFabricPriceCodesWithSKU" name="test_fabric_lookup_returns_sku" time="0.540" /><testcase classname="tests.test_pricing_module_v2.TestFabricPriceCodesWithSKU" name="test_create_fabric_with_sku" time="0.272" /><testcase classname="tests.test_pricing_module_v2.TestFabricPriceCodesWithSKU" name="test_update_fabric_with_sku" time="0.504" /><testcase classname="tests.test_pricing_module_v2.TestFabricPriceCodesWithSKU" name="test_delete_fabric" time="0.336" /><testcase classname="tests.test_pricing_module_v2.TestCMTVariants" name="test_get_product_consumption_with_cmt_variants" time="0.493" /><testcase classname="tests.test_pricing_module_v2.TestCMTVariants" name="test_set_product_consumption_with_cmt_variants" time="0.231" /><testcase classname="tests.test_pricing_module_v2.TestPriceCalculationWithConstructionTypes" name="test_calculate_price_standard_construction" time="0.459" /><testcase classname="tests.test_pricing_module_v2.TestPriceCalculationWithConstructionTypes" name="test_calculate_price_half_canvas" time="0.110" /><testcase classname="tests.test_pricing_module_v2.TestPriceCalculationWithConstructionTypes" name="test_calculate_price_full_canvas" time="0.102" /><testcase classname="tests.test_pricing_module_v2.TestPriceCalculationWithConstructionTypes" name="test_price_includes_sku_in_breakdown" time="0.133" /><testcase classname="tests.test_pricing_module_v2.TestPriceCalculationWithConstructionTypes" name="test_construction_type_price_difference" time="0.331" /><testcase classname="tests.test_pricing_module_v2.TestSizeMargins" name="test_get_size_margins" time="0.505" /><testcase classname="tests.test_pricing_module_v2.TestSizeMargins" name="test_size_a_has_lowest_fabric_cost" time="0.315" /><testcase classname="tests.test_pricing_module_v2.TestResellerMargins" name="test_get_reseller_pricing" time="0.473" /><testcase classname="tests.test_pricing_module_v2.TestResellerMargins" name="test_update_reseller_margins" time="0.232" /><testcase classname="tests.test_pricing_module_v2.TestAuthorizationChecks" name="test_reseller_cannot_create_fabric" time="0.455" /><testcase classname="tests.test_pricing_module_v2.TestAuthorizationChecks" name="test_reseller_can_lookup_fabric" time="0.102" /><testcase classname="tests.test_pricing_module_v2.TestAuthorizationChecks" name="test_unauthenticated_cannot_access_fabrics" time="0.110" /></testsuite></testsuites>