<?xml version="1.0" encoding="utf-8"?><testsuites name="pytest tests"><testsuite name="pytest" errors="0" failures="0" skipped="0" tests="46" time="5.374" timestamp="2026-02-28T05:14:47.349052+00:00" hostname="agent-env-7df36e15-c69c-416c-9f75-6be87bc843e3"><testcase classname="backend.tests.test_404_url_security.TestInvalidURLsReturn404" name="test_spam_urls_return_404[/random-spam-test]" time="0.279" /><testcase classname="backend.tests.test_404_url_security.TestInvalidURLsReturn404" name="test_spam_urls_return_404[/this-does-not-exist]" time="0.110" /><testcase classname="backend.tests.test_404_url_security.TestInvalidURLsReturn404" name="test_spam_urls_return_404[/nonexistent-page-123]" time="0.138" /><testcase classname="backend.tests.test_404_url_security.TestInvalidURLsReturn404" name="test_spam_urls_return_404[/buy-cheap-viagra-online]" time="0.105" /><testcase classname="backend.tests.test_404_url_security.TestInvalidURLsReturn404" name="test_spam_urls_return_404[/best-casino-games-free]" time="0.114" /><testcase classname="backend.tests.test_404_url_security.TestInvalidURLsReturn404" name="test_wordpress_paths_return_404[/wp-admin]" time="0.130" /><testcase classname="backend.tests.test_404_url_security.TestInvalidURLsReturn404" name="test_wordpress_paths_return_404[/wp-admin/login.php]" time="0.117" /><testcase classname="backend.tests.test_404_url_security.TestInvalidURLsReturn404" name="test_wordpress_paths_return_404[/wp-login.php]" time="0.104" /><testcase classname="backend.tests.test_404_url_security.TestInvalidURLsReturn404" name="test_wordpress_paths_return_404[/xmlrpc.php]" time="0.111" /><testcase classname="backend.tests.test_404_url_security.TestInvalidURLsReturn404" name="test_wordpress_paths_return_404[/wp-content/uploads/backdoor.php]" time="0.099" /><testcase classname="backend.tests.test_404_url_security.TestInvalidURLsReturn404" name="test_wordpress_paths_return_404[/wp-includes/version.php]" time="0.101" /><testcase classname="backend.tests.test_404_url_security.TestInvalidURLsReturn404" name="test_security_sensitive_paths_return_404[/phpmyadmin]" time="0.124" /><testcase classname="backend.tests.test_404_url_security.TestInvalidURLsReturn404" name="test_security_sensitive_paths_return_404[/pma]" time="0.107" /><testcase classname="backend.tests.test_404_url_security.TestInvalidURLsReturn404" name="test_security_sensitive_paths_return_404[/adminer.php]" time="0.102" /><testcase classname="backend.tests.test_404_url_security.TestInvalidURLsReturn404" name="test_security_sensitive_paths_return_404[/phpinfo.php]" time="0.103" /><testcase classname="backend.tests.test_404_url_security.TestInvalidURLsReturn404" name="test_security_sensitive_paths_return_404[/.env]" time="0.117" /><testcase classname="backend.tests.test_404_url_security.TestInvalidURLsReturn404" name="test_security_sensitive_paths_return_404[/.git/config]" time="0.119" /><testcase classname="backend.tests.test_404_url_security.TestInvalidURLsReturn404" name="test_security_sensitive_paths_return_404[/.htaccess]" time="0.152" /><testcase classname="backend.tests.test_404_url_security.TestValidPublicRoutesReturn200" name="test_public_routes_return_200[/]" time="0.107" /><testcase classname="backend.tests.test_404_url_security.TestValidPublicRoutesReturn200" name="test_public_routes_return_200[/about]" time="0.115" /><testcase classname="backend.tests.test_404_url_security.TestValidPublicRoutesReturn200" name="test_public_routes_return_200[/garments]" time="0.105" /><testcase classname="backend.tests.test_404_url_security.TestValidPublicRoutesReturn200" name="test_public_routes_return_200[/fabrics]" time="0.104" /><testcase classname="backend.tests.test_404_url_security.TestValidPublicRoutesReturn200" name="test_public_routes_return_200[/technology]" time="0.121" /><testcase classname="backend.tests.test_404_url_security.TestValidPublicRoutesReturn200" name="test_public_routes_return_200[/how-it-works]" time="0.109" /><testcase classname="backend.tests.test_404_url_security.TestValidPublicRoutesReturn200" name="test_public_routes_return_200[/get-started]" time="0.109" /><testcase classname="backend.tests.test_404_url_security.TestValidPublicRoutesReturn200" name="test_public_routes_return_200[/trunk-show]" time="0.111" /><testcase classname="backend.tests.test_404_url_security.TestValidPublicRoutesReturn200" name="test_public_routes_return_200[/contact-us]" time="0.109" /><testcase classname="backend.tests.test_404_url_security.TestValidPublicRoutesReturn200" name="test_public_routes_return_200[/privacy-policy]" time="0.110" /><testcase classname="backend.tests.test_404_url_security.TestValidPublicRoutesReturn200" name="test_public_routes_return_200[/terms]" time="0.114" /><testcase classname="backend.tests.test_404_url_security.TestAuthRoutesReturn200" name="test_auth_routes_return_200[/login]" time="0.118" /><testcase classname="backend.tests.test_404_url_security.TestAuthRoutesReturn200" name="test_auth_routes_return_200[/forgot-password]" time="0.102" /><testcase classname="backend.tests.test_404_url_security.TestPortalRoutesReturn200" name="test_portal_routes_return_200[/admin/dashboard]" time="0.111" /><testcase classname="backend.tests.test_404_url_security.TestPortalRoutesReturn200" name="test_portal_routes_return_200[/admin/orders]" time="0.107" /><testcase classname="backend.tests.test_404_url_security.TestPortalRoutesReturn200" name="test_portal_routes_return_200[/reseller/orders]" time="0.111" /><testcase classname="backend.tests.test_404_url_security.TestPortalRoutesReturn200" name="test_portal_routes_return_200[/reseller/dashboard]" time="0.102" /><testcase classname="backend.tests.test_404_url_security.TestPortalRoutesReturn200" name="test_portal_routes_return_200[/partner/dashboard]" time="0.103" /><testcase classname="backend.tests.test_404_url_security.TestPortalRoutesReturn200" name="test_portal_routes_return_200[/staff/dashboard]" time="0.113" /><testcase classname="backend.tests.test_404_url_security.TestAPIEndpointsWork" name="test_health_endpoint" time="0.100" /><testcase classname="backend.tests.test_404_url_security.TestAPIEndpointsWork" name="test_validate_route_endpoint_valid" time="0.106" /><testcase classname="backend.tests.test_404_url_security.TestAPIEndpointsWork" name="test_validate_route_endpoint_invalid" time="0.102" /><testcase classname="backend.tests.test_404_url_security.Test404PageContent" name="test_404_page_contains_page_not_found" time="0.122" /><testcase classname="backend.tests.test_404_url_security.Test404PageContent" name="test_404_page_has_noindex_meta" time="0.106" /><testcase classname="backend.tests.test_404_url_security.Test404PageContent" name="test_404_page_does_not_have_react_root" time="0.116" /><testcase classname="backend.tests.test_404_url_security.TestValidPagesHaveReactApp" name="test_homepage_has_react_root" time="0.109" /><testcase classname="backend.tests.test_404_url_security.TestValidPagesHaveReactApp" name="test_about_page_has_react_root" time="0.119" /><testcase classname="backend.tests.test_404_url_security.TestSecurityHeaders" name="test_404_has_security_headers" time="0.101" /></testsuite></testsuites>