<?xml version="1.0" encoding="utf-8"?><testsuites name="pytest tests"><testsuite name="pytest" errors="0" failures="0" skipped="0" tests="41" time="5.331" timestamp="2026-03-25T16:25:19.924539+00:00" hostname="agent-env-930de3f4-1a26-46af-a2e8-1c3adc446c8a"><testcase classname="backend.tests.test_http_status_codes.TestValidPublicRoutes" name="test_public_route_returns_200[/]" time="0.287" /><testcase classname="backend.tests.test_http_status_codes.TestValidPublicRoutes" name="test_public_route_returns_200[/about]" time="0.123" /><testcase classname="backend.tests.test_http_status_codes.TestValidPublicRoutes" name="test_public_route_returns_200[/garments]" time="0.130" /><testcase classname="backend.tests.test_http_status_codes.TestValidPublicRoutes" name="test_public_route_returns_200[/fabrics]" time="0.123" /><testcase classname="backend.tests.test_http_status_codes.TestValidPublicRoutes" name="test_public_route_returns_200[/technology]" time="0.128" /><testcase classname="backend.tests.test_http_status_codes.TestValidPublicRoutes" name="test_public_route_returns_200[/how-it-works]" time="0.101" /><testcase classname="backend.tests.test_http_status_codes.TestValidPublicRoutes" name="test_public_route_returns_200[/get-started]" time="0.111" /><testcase classname="backend.tests.test_http_status_codes.TestValidPublicRoutes" name="test_public_route_returns_200[/trunk-show]" time="0.120" /><testcase classname="backend.tests.test_http_status_codes.TestValidPublicRoutes" name="test_public_route_returns_200[/contact-us]" time="0.116" /><testcase classname="backend.tests.test_http_status_codes.TestValidPublicRoutes" name="test_public_route_returns_200[/login]" time="0.108" /><testcase classname="backend.tests.test_http_status_codes.TestValidPublicRoutes" name="test_public_route_returns_200[/privacy-policy]" time="0.104" /><testcase classname="backend.tests.test_http_status_codes.TestValidAdminPortalRoutes" name="test_admin_route_returns_200[/admin/login]" time="0.112" /><testcase classname="backend.tests.test_http_status_codes.TestValidAdminPortalRoutes" name="test_admin_route_returns_200[/admin/dashboard]" time="0.109" /><testcase classname="backend.tests.test_http_status_codes.TestValidAdminPortalRoutes" name="test_admin_route_returns_200[/admin/backup]" time="0.108" /><testcase classname="backend.tests.test_http_status_codes.TestValidAdminPortalRoutes" name="test_admin_route_returns_200[/admin/database-sync]" time="0.131" /><testcase classname="backend.tests.test_http_status_codes.TestValidAdminPortalRoutes" name="test_admin_route_returns_200[/admin/seo]" time="0.131" /><testcase classname="backend.tests.test_http_status_codes.TestValidAdminPortalRoutes" name="test_admin_route_returns_200[/admin/orders]" time="0.106" /><testcase classname="backend.tests.test_http_status_codes.TestValidAdminPortalRoutes" name="test_admin_route_returns_200[/admin/products]" time="0.110" /><testcase classname="backend.tests.test_http_status_codes.TestValidAdminPortalRoutes" name="test_admin_route_returns_200[/admin/settings]" time="0.115" /><testcase classname="backend.tests.test_http_status_codes.TestValidResellerPortalRoutes" name="test_reseller_route_returns_200[/reseller/login]" time="0.106" /><testcase classname="backend.tests.test_http_status_codes.TestValidResellerPortalRoutes" name="test_reseller_route_returns_200[/reseller/dashboard]" time="0.122" /><testcase classname="backend.tests.test_http_status_codes.TestValidResellerPortalRoutes" name="test_reseller_route_returns_200[/reseller/orders]" time="0.101" /><testcase classname="backend.tests.test_http_status_codes.TestValidResellerPortalRoutes" name="test_reseller_route_returns_200[/reseller/cart]" time="0.153" /><testcase classname="backend.tests.test_http_status_codes.TestInvalidSpamURLs" name="test_invalid_route_returns_404[/random-spam-url]" time="0.116" /><testcase classname="backend.tests.test_http_status_codes.TestInvalidSpamURLs" name="test_invalid_route_returns_404[/wp-admin]" time="0.108" /><testcase classname="backend.tests.test_http_status_codes.TestInvalidSpamURLs" name="test_invalid_route_returns_404[/wp-login.php]" time="0.098" /><testcase classname="backend.tests.test_http_status_codes.TestInvalidSpamURLs" name="test_invalid_route_returns_404[/foo/bar/baz]" time="0.116" /><testcase classname="backend.tests.test_http_status_codes.TestInvalidSpamURLs" name="test_invalid_route_returns_404[/this-is-spam]" time="0.113" /><testcase classname="backend.tests.test_http_status_codes.TestInvalidSpamURLs" name="test_invalid_route_returns_404[/random.php]" time="0.092" /><testcase classname="backend.tests.test_http_status_codes.TestInvalidSpamURLs" name="test_invalid_route_returns_404[/.env]" time="0.110" /><testcase classname="backend.tests.test_http_status_codes.TestInvalidSpamURLs" name="test_invalid_route_returns_404[/phpmyadmin]" time="0.225" /><testcase classname="backend.tests.test_http_status_codes.TestInvalidSpamURLs" name="test_invalid_route_returns_404[/xmlrpc.php]" time="0.102" /><testcase classname="backend.tests.test_http_status_codes.TestInvalidSpamURLs" name="test_invalid_route_returns_404[/nonexistent-page]" time="0.116" /><testcase classname="backend.tests.test_http_status_codes.Test404ResponseContent" name="test_404_contains_noindex_meta_tag" time="0.127" /><testcase classname="backend.tests.test_http_status_codes.Test404ResponseContent" name="test_404_contains_404_text" time="0.135" /><testcase classname="backend.tests.test_http_status_codes.TestAPIEndpoints" name="test_api_health_returns_200" time="0.110" /><testcase classname="backend.tests.test_http_status_codes.TestAPIEndpoints" name="test_admin_login_flow" time="0.355" /><testcase classname="backend.tests.test_http_status_codes.TestBlockedPathsNotBlockingPortals" name="test_admin_backup_not_blocked" time="0.106" /><testcase classname="backend.tests.test_http_status_codes.TestBlockedPathsNotBlockingPortals" name="test_admin_database_sync_not_blocked" time="0.104" /><testcase classname="backend.tests.test_http_status_codes.TestBlockedPathsNotBlockingPortals" name="test_standalone_backup_is_blocked" time="0.137" /><testcase classname="backend.tests.test_http_status_codes.TestBlockedPathsNotBlockingPortals" name="test_standalone_database_is_blocked" time="0.127" /></testsuite></testsuites>