<?xml version="1.0" encoding="utf-8"?><testsuites name="pytest tests"><testsuite name="pytest" errors="0" failures="0" skipped="0" tests="19" time="8.038" timestamp="2026-03-19T12:11:55.430078+00:00" hostname="agent-env-6701d043-cf8e-4624-907b-a14c91618848"><testcase classname="backend.tests.test_size_repository.TestAdminAuth" name="test_admin_login" time="0.396" /><testcase classname="backend.tests.test_size_repository.TestResellerAuth" name="test_reseller_login" time="0.351" /><testcase classname="backend.tests.test_size_repository.TestSizeRepositoryGarmentTypes" name="test_get_garment_types" time="0.529" /><testcase classname="backend.tests.test_size_repository.TestSizeRepositoryGarmentTypes" name="test_get_garment_types_requires_auth" time="0.098" /><testcase classname="backend.tests.test_size_repository.TestSizeRepositoryGarmentTypes" name="test_put_garment_types_requires_admin" time="0.451" /><testcase classname="backend.tests.test_size_repository.TestSizeRepositoryGarmentTypes" name="test_put_garment_types_admin" time="0.344" /><testcase classname="backend.tests.test_size_repository.TestSizeRepositorySizes" name="test_get_sizes_for_fit" time="0.463" /><testcase classname="backend.tests.test_size_repository.TestSizeRepositorySizes" name="test_get_sizes_empty_fit" time="0.100" /><testcase classname="backend.tests.test_size_repository.TestSizeRepositorySizes" name="test_put_sizes_for_fit" time="0.324" /><testcase classname="backend.tests.test_size_repository.TestSizeRepositorySizes" name="test_put_sizes_requires_admin" time="0.493" /><testcase classname="backend.tests.test_size_repository.TestSizeRepositoryLookup" name="test_lookup_size_success" time="0.463" /><testcase classname="backend.tests.test_size_repository.TestSizeRepositoryLookup" name="test_lookup_size_not_found" time="0.129" /><testcase classname="backend.tests.test_size_repository.TestSizeRepositoryLookup" name="test_lookup_requires_auth" time="0.120" /><testcase classname="backend.tests.test_size_repository.TestSizeRepositoryLookup" name="test_lookup_pants" time="0.110" /><testcase classname="backend.tests.test_size_repository.TestLinkMeasurement" name="test_link_measurement_manual_mode" time="0.798" /><testcase classname="backend.tests.test_size_repository.TestLinkMeasurement" name="test_link_measurement_tryon_mode" time="0.453" /><testcase classname="backend.tests.test_size_repository.TestLinkMeasurement" name="test_link_measurement_invalid_item_index" time="0.435" /><testcase classname="backend.tests.test_size_repository.TestLinkMeasurement" name="test_link_measurement_requires_auth" time="0.437" /><testcase classname="backend.tests.test_size_repository.TestAdjustmentIncrements" name="test_eighth_inch_precision" time="1.453" /></testsuite></testsuites>