<?xml version="1.0" encoding="utf-8"?><testsuites name="pytest tests"><testsuite name="pytest" errors="0" failures="0" skipped="0" tests="95" time="0.406" timestamp="2026-02-27T16:49:16.044971+00:00" hostname="agent-env-5a69a286-8a81-4509-ab0f-c6ffb619f2ea"><testcase classname="backend.tests.test_404_security_hardening.TestBlockedPaths" name="test_wordpress_paths_return_404[/wp-admin]" time="0.004" /><testcase classname="backend.tests.test_404_security_hardening.TestBlockedPaths" name="test_wordpress_paths_return_404[/wp-admin/]" time="0.002" /><testcase classname="backend.tests.test_404_security_hardening.TestBlockedPaths" name="test_wordpress_paths_return_404[/wp-login.php]" time="0.002" /><testcase classname="backend.tests.test_404_security_hardening.TestBlockedPaths" name="test_wordpress_paths_return_404[/xmlrpc.php]" time="0.002" /><testcase classname="backend.tests.test_404_security_hardening.TestBlockedPaths" name="test_wordpress_paths_return_404[/wp-content/uploads]" time="0.002" /><testcase classname="backend.tests.test_404_security_hardening.TestBlockedPaths" name="test_wordpress_paths_return_404[/wp-content/uploads/2024/01/malware.php]" time="0.002" /><testcase classname="backend.tests.test_404_security_hardening.TestBlockedPaths" name="test_wordpress_paths_return_404[/wp-includes/js/jquery/jquery.min.js]" time="0.002" /><testcase classname="backend.tests.test_404_security_hardening.TestBlockedPaths" name="test_wordpress_paths_return_404[/wp-json/wp/v2/users]" time="0.002" /><testcase classname="backend.tests.test_404_security_hardening.TestBlockedPaths" name="test_wordpress_paths_return_404[/wp-cron.php]" time="0.001" /><testcase classname="backend.tests.test_404_security_hardening.TestBlockedPaths" name="test_config_file_probes_return_404[/.env]" time="0.001" /><testcase classname="backend.tests.test_404_security_hardening.TestBlockedPaths" name="test_config_file_probes_return_404[/.git/config]" time="0.002" /><testcase classname="backend.tests.test_404_security_hardening.TestBlockedPaths" name="test_config_file_probes_return_404[/.git/HEAD]" time="0.001" /><testcase classname="backend.tests.test_404_security_hardening.TestBlockedPaths" name="test_config_file_probes_return_404[/.htaccess]" time="0.002" /><testcase classname="backend.tests.test_404_security_hardening.TestBlockedPaths" name="test_config_file_probes_return_404[/.htpasswd]" time="0.002" /><testcase classname="backend.tests.test_404_security_hardening.TestBlockedPaths" name="test_config_file_probes_return_404[/.svn/entries]" time="0.002" /><testcase classname="backend.tests.test_404_security_hardening.TestBlockedPaths" name="test_db_admin_tools_return_404[/phpmyadmin]" time="0.001" /><testcase classname="backend.tests.test_404_security_hardening.TestBlockedPaths" name="test_db_admin_tools_return_404[/phpmyadmin/]" time="0.001" /><testcase classname="backend.tests.test_404_security_hardening.TestBlockedPaths" name="test_db_admin_tools_return_404[/pma]" time="0.001" /><testcase classname="backend.tests.test_404_security_hardening.TestBlockedPaths" name="test_db_admin_tools_return_404[/adminer.php]" time="0.001" /><testcase classname="backend.tests.test_404_security_hardening.TestBlockedPaths" name="test_db_admin_tools_return_404[/phpinfo.php]" time="0.001" /><testcase classname="backend.tests.test_404_security_hardening.TestBlockedPaths" name="test_server_probes_return_404[/cgi-bin/test]" time="0.001" /><testcase classname="backend.tests.test_404_security_hardening.TestBlockedPaths" name="test_server_probes_return_404[/cgi-bin/admin.cgi]" time="0.001" /><testcase classname="backend.tests.test_404_security_hardening.TestBlockedPaths" name="test_server_probes_return_404[/etc/passwd]" time="0.002" /><testcase classname="backend.tests.test_404_security_hardening.TestBlockedPaths" name="test_server_probes_return_404[/etc/shadow]" time="0.001" /><testcase classname="backend.tests.test_404_security_hardening.TestBlockedPaths" name="test_server_probes_return_404[/proc/self/environ]" time="0.001" /><testcase classname="backend.tests.test_404_security_hardening.TestBlockedPaths" name="test_server_probes_return_404[/server-status]" time="0.001" /><testcase classname="backend.tests.test_404_security_hardening.TestBlockedPaths" name="test_server_probes_return_404[/server-info]" time="0.001" /><testcase classname="backend.tests.test_404_security_hardening.TestBlockedPaths" name="test_script_extensions_return_404[/test.php]" time="0.001" /><testcase classname="backend.tests.test_404_security_hardening.TestBlockedPaths" name="test_script_extensions_return_404[/admin.php]" time="0.001" /><testcase classname="backend.tests.test_404_security_hardening.TestBlockedPaths" name="test_script_extensions_return_404[/shell.php]" time="0.001" /><testcase classname="backend.tests.test_404_security_hardening.TestBlockedPaths" name="test_script_extensions_return_404[/admin.asp]" time="0.001" /><testcase classname="backend.tests.test_404_security_hardening.TestBlockedPaths" name="test_script_extensions_return_404[/admin.aspx]" time="0.001" /><testcase classname="backend.tests.test_404_security_hardening.TestBlockedPaths" name="test_script_extensions_return_404[/shell.jsp]" time="0.001" /><testcase classname="backend.tests.test_404_security_hardening.TestBlockedPaths" name="test_script_extensions_return_404[/backup.sql]" time="0.001" /><testcase classname="backend.tests.test_404_security_hardening.TestBlockedPaths" name="test_script_extensions_return_404[/database.sql]" time="0.001" /><testcase classname="backend.tests.test_404_security_hardening.TestBlockedPaths" name="test_script_extensions_return_404[/config.bak]" time="0.001" /><testcase classname="backend.tests.test_404_security_hardening.TestBlockedPaths" name="test_script_extensions_return_404[/settings.old]" time="0.001" /><testcase classname="backend.tests.test_404_security_hardening.TestSpamURLs" name="test_spam_urls_return_404[/cheap-viagra-online]" time="0.004" /><testcase classname="backend.tests.test_404_security_hardening.TestSpamURLs" name="test_spam_urls_return_404[/buy-cialis-cheap]" time="0.003" /><testcase classname="backend.tests.test_404_security_hardening.TestSpamURLs" name="test_spam_urls_return_404[/casino-bonus-2024]" time="0.003" /><testcase classname="backend.tests.test_404_security_hardening.TestSpamURLs" name="test_spam_urls_return_404[/free-slots-no-deposit]" time="0.003" /><testcase classname="backend.tests.test_404_security_hardening.TestSpamURLs" name="test_spam_urls_return_404[/some/deeply/nested/spam/page]" time="0.003" /><testcase classname="backend.tests.test_404_security_hardening.TestSpamURLs" name="test_spam_urls_return_404[/products/buy-cheap-viagra]" time="0.004" /><testcase classname="backend.tests.test_404_security_hardening.TestSpamURLs" name="test_spam_urls_return_404[/seo-spam-page-12345]" time="0.004" /><testcase classname="backend.tests.test_404_security_hardening.TestSpamURLs" name="test_spam_urls_return_404[/free-iphone-giveaway]" time="0.003" /><testcase classname="backend.tests.test_404_security_hardening.TestSpamURLs" name="test_spam_urls_return_404[/earn-money-fast-2024]" time="0.003" /><testcase classname="backend.tests.test_404_security_hardening.TestValidStaticRoutes" name="test_static_routes_return_200[/]" time="0.007" /><testcase classname="backend.tests.test_404_security_hardening.TestValidStaticRoutes" name="test_static_routes_return_200[/about]" time="0.005" /><testcase classname="backend.tests.test_404_security_hardening.TestValidStaticRoutes" name="test_static_routes_return_200[/garments]" time="0.005" /><testcase classname="backend.tests.test_404_security_hardening.TestValidStaticRoutes" name="test_static_routes_return_200[/fabrics]" time="0.005" /><testcase classname="backend.tests.test_404_security_hardening.TestValidStaticRoutes" name="test_static_routes_return_200[/technology]" time="0.006" /><testcase classname="backend.tests.test_404_security_hardening.TestValidStaticRoutes" name="test_static_routes_return_200[/how-it-works]" time="0.005" /><testcase classname="backend.tests.test_404_security_hardening.TestValidStaticRoutes" name="test_static_routes_return_200[/get-started]" time="0.006" /><testcase classname="backend.tests.test_404_security_hardening.TestValidStaticRoutes" name="test_static_routes_return_200[/contact-us]" time="0.005" /><testcase classname="backend.tests.test_404_security_hardening.TestValidStaticRoutes" name="test_static_routes_return_200[/privacy-policy]" time="0.005" /><testcase classname="backend.tests.test_404_security_hardening.TestValidStaticRoutes" name="test_static_routes_return_200[/terms]" time="0.005" /><testcase classname="backend.tests.test_404_security_hardening.TestAuthRoutes" name="test_auth_routes_return_200[/login]" time="0.004" /><testcase classname="backend.tests.test_404_security_hardening.TestAuthRoutes" name="test_auth_routes_return_200[/forgot-password]" time="0.003" /><testcase classname="backend.tests.test_404_security_hardening.TestAuthRoutes" name="test_auth_routes_return_200[/reset-password]" time="0.003" /><testcase classname="backend.tests.test_404_security_hardening.TestPortalRoutes" name="test_portal_routes_return_200[/admin/login]" time="0.003" /><testcase classname="backend.tests.test_404_security_hardening.TestPortalRoutes" name="test_portal_routes_return_200[/admin/dashboard]" time="0.003" /><testcase classname="backend.tests.test_404_security_hardening.TestPortalRoutes" name="test_portal_routes_return_200[/admin/orders]" time="0.003" /><testcase classname="backend.tests.test_404_security_hardening.TestPortalRoutes" name="test_portal_routes_return_200[/admin/products]" time="0.003" /><testcase classname="backend.tests.test_404_security_hardening.TestPortalRoutes" name="test_portal_routes_return_200[/admin/styling]" time="0.003" /><testcase classname="backend.tests.test_404_security_hardening.TestPortalRoutes" name="test_portal_routes_return_200[/reseller/login]" time="0.003" /><testcase classname="backend.tests.test_404_security_hardening.TestPortalRoutes" name="test_portal_routes_return_200[/reseller/dashboard]" time="0.003" /><testcase classname="backend.tests.test_404_security_hardening.TestPortalRoutes" name="test_portal_routes_return_200[/reseller/customers]" time="0.003" /><testcase classname="backend.tests.test_404_security_hardening.TestPortalRoutes" name="test_portal_routes_return_200[/partner/login]" time="0.005" /><testcase classname="backend.tests.test_404_security_hardening.TestPortalRoutes" name="test_portal_routes_return_200[/staff/login]" time="0.004" /><testcase classname="backend.tests.test_404_security_hardening.TestDynamicRoutes" name="test_valid_product_routes_return_200[/products/suits-jackets]" time="0.029" /><testcase classname="backend.tests.test_404_security_hardening.TestDynamicRoutes" name="test_valid_product_routes_return_200[/products/shirts]" time="0.007" /><testcase classname="backend.tests.test_404_security_hardening.TestDynamicRoutes" name="test_valid_product_routes_return_200[/products/denim-wear]" time="0.006" /><testcase classname="backend.tests.test_404_security_hardening.TestDynamicRoutes" name="test_valid_product_routes_return_200[/products/shoes]" time="0.006" /><testcase classname="backend.tests.test_404_security_hardening.TestDynamicRoutes" name="test_invalid_product_routes_return_404[/products/fake-product]" time="0.004" /><testcase classname="backend.tests.test_404_security_hardening.TestDynamicRoutes" name="test_invalid_product_routes_return_404[/products/nonexistent]" time="0.004" /><testcase classname="backend.tests.test_404_security_hardening.TestDynamicRoutes" name="test_invalid_product_routes_return_404[/products/buy-cheap-viagra]" time="0.005" /><testcase classname="backend.tests.test_404_security_hardening.TestDynamicRoutes" name="test_invalid_product_routes_return_404[/products/spam-product-2024]" time="0.004" /><testcase classname="backend.tests.test_404_security_hardening.TestDynamicRoutes" name="test_valid_fabric_route_returns_200" time="0.006" /><testcase classname="backend.tests.test_404_security_hardening.TestDynamicRoutes" name="test_valid_fabric_route_uppercase_returns_200" time="0.006" /><testcase classname="backend.tests.test_404_security_hardening.TestDynamicRoutes" name="test_invalid_fabric_routes_return_404[/fabrics/nonexistent]" time="0.004" /><testcase classname="backend.tests.test_404_security_hardening.TestDynamicRoutes" name="test_invalid_fabric_routes_return_404[/fabrics/fake-fabric]" time="0.004" /><testcase classname="backend.tests.test_404_security_hardening.TestDynamicRoutes" name="test_invalid_fabric_routes_return_404[/fabrics/XXXXX]" time="0.004" /><testcase classname="backend.tests.test_404_security_hardening.Test404ResponseContent" name="test_404_contains_title_404" time="0.003" /><testcase classname="backend.tests.test_404_security_hardening.Test404ResponseContent" name="test_404_contains_noindex_nofollow" time="0.004" /><testcase classname="backend.tests.test_404_security_hardening.Test404ResponseContent" name="test_404_does_not_contain_react_root" time="0.001" /><testcase classname="backend.tests.test_404_security_hardening.Test404ResponseContent" name="test_valid_route_contains_react_root" time="0.005" /><testcase classname="backend.tests.test_404_security_hardening.TestSecurityHeaders" name="test_security_headers_on_valid_route" time="0.005" /><testcase classname="backend.tests.test_404_security_hardening.TestSecurityHeaders" name="test_security_headers_on_api_route" time="0.002" /><testcase classname="backend.tests.test_404_security_hardening.TestSecurityHeaders" name="test_security_headers_on_404_route" time="0.001" /><testcase classname="backend.tests.test_404_security_hardening.TestAPIRoutesUnaffected" name="test_api_health_returns_200" time="0.002" /><testcase classname="backend.tests.test_404_security_hardening.TestAPIRoutesUnaffected" name="test_api_root_returns_200" time="0.002" /><testcase classname="backend.tests.test_404_security_hardening.TestRedirects" name="test_old_about_redirects_to_about" time="0.004" /><testcase classname="backend.tests.test_404_security_hardening.TestSEOInjection" name="test_seo_preview_html_endpoint" time="0.004" /><testcase classname="backend.tests.test_404_security_hardening.TestStaticBuildFiles" name="test_static_js_files_served" time="0.004" /><testcase classname="backend.tests.test_404_security_hardening.TestStaticBuildFiles" name="test_manifest_json_served" time="0.003" /></testsuite></testsuites>