<?xml version="1.0" encoding="utf-8"?><testsuites name="pytest tests"><testsuite name="pytest" errors="0" failures="0" skipped="0" tests="31" time="7.757" timestamp="2026-02-20T05:52:58.917973+00:00" hostname="agent-env-6d69bc85-19ed-464d-aec4-e8ef8f6fa052"><testcase classname="backend.tests.test_chat_api.TestChatEndpoints" name="test_get_chats_admin" time="0.544" /><testcase classname="backend.tests.test_chat_api.TestChatEndpoints" name="test_get_chats_reseller" time="0.505" /><testcase classname="backend.tests.test_chat_api.TestChatEndpoints" name="test_get_chats_unauthorized" time="0.115" /><testcase classname="backend.tests.test_chat_api.TestChatEndpoints" name="test_get_unread_count_admin" time="0.127" /><testcase classname="backend.tests.test_chat_api.TestChatEndpoints" name="test_get_unread_count_reseller" time="0.123" /><testcase classname="backend.tests.test_chat_api.TestChatEndpoints" name="test_get_admin_resellers_list" time="0.139" /><testcase classname="backend.tests.test_chat_api.TestChatOrderOperations" name="test_get_or_create_chat_for_order" time="0.360" /><testcase classname="backend.tests.test_chat_api.TestChatOrderOperations" name="test_get_reseller_orders_for_admin" time="0.268" /><testcase classname="backend.tests.test_chat_api.TestChatMessaging" name="test_send_message_to_chat" time="0.252" /><testcase classname="backend.tests.test_chat_api.TestChatMessaging" name="test_get_chat_messages" time="0.219" /><testcase classname="backend.tests.test_chat_api.TestChatMessaging" name="test_mark_messages_as_read" time="0.268" /><testcase classname="backend.tests.test_chat_api.TestChatFileUpload" name="test_upload_small_file" time="0.250" /><testcase classname="backend.tests.test_chat_api.TestChatFileUpload" name="test_upload_large_file_rejected" time="0.354" /><testcase classname="backend.tests.test_chat_api.TestChatFileUpload" name="test_retrieve_uploaded_file" time="0.372" /><testcase classname="backend.tests.test_chat_api.TestChatAccessControl" name="test_admin_can_access_all_chats" time="0.130" /><testcase classname="backend.tests.test_chat_api.TestChatAccessControl" name="test_reseller_only_sees_own_chats" time="0.123" /><testcase classname="backend.tests.test_chat_api.TestChatAccessControl" name="test_invalid_chat_id_returns_404" time="0.124" /><testcase classname="backend.tests.test_chat_api.TestSalesPartnerChatEndpoints" name="test_get_referred_resellers_endpoint_exists" time="0.115" /><testcase classname="backend.tests.test_chat_settings.TestPublicChatSettings" name="test_get_public_chat_settings" time="0.125" /><testcase classname="backend.tests.test_chat_settings.TestPublicChatSettings" name="test_public_endpoint_no_auth_required" time="0.113" /><testcase classname="backend.tests.test_chat_settings.TestAdminChatSettings" name="test_get_chat_settings_requires_admin" time="0.113" /><testcase classname="backend.tests.test_chat_settings.TestAdminChatSettings" name="test_get_chat_settings_as_admin" time="0.481" /><testcase classname="backend.tests.test_chat_settings.TestAdminChatSettings" name="test_get_chat_settings_denied_for_reseller" time="0.522" /><testcase classname="backend.tests.test_chat_settings.TestUpdateChatSettings" name="test_put_chat_settings_requires_admin" time="0.106" /><testcase classname="backend.tests.test_chat_settings.TestUpdateChatSettings" name="test_put_chat_settings_denied_for_reseller" time="0.134" /><testcase classname="backend.tests.test_chat_settings.TestUpdateChatSettings" name="test_update_polling_interval" time="0.508" /><testcase classname="backend.tests.test_chat_settings.TestUpdateChatSettings" name="test_polling_interval_minimum_validation" time="0.134" /><testcase classname="backend.tests.test_chat_settings.TestUpdateChatSettings" name="test_polling_interval_maximum_validation" time="0.128" /><testcase classname="backend.tests.test_chat_settings.TestUpdateChatSettings" name="test_update_max_file_size" time="0.267" /><testcase classname="backend.tests.test_chat_settings.TestUpdateChatSettings" name="test_update_enable_notifications" time="0.219" /><testcase classname="backend.tests.test_chat_settings.TestChatSettingsIntegration" name="test_full_settings_flow" time="0.442" /></testsuite></testsuites>