<?xml version="1.0" encoding="utf-8"?><testsuites name="pytest tests"><testsuite name="pytest" errors="0" failures="0" skipped="0" tests="14" time="3.768" timestamp="2026-02-18T09:00:19.928486+00:00" hostname="agent-env-61d739bc-e20c-4997-a629-731f30ae132b"><testcase classname="backend.tests.test_styling_reseller_api.TestStylingAPI" name="test_get_suits_styling_parameters" time="0.217" /><testcase classname="backend.tests.test_styling_reseller_api.TestStylingAPI" name="test_get_suits_constructions" time="0.101" /><testcase classname="backend.tests.test_styling_reseller_api.TestStylingAPI" name="test_get_pants_styling_parameters" time="0.102" /><testcase classname="backend.tests.test_styling_reseller_api.TestStylingAPI" name="test_get_unknown_product_styling" time="0.100" /><testcase classname="backend.tests.test_styling_reseller_api.TestStylingAPI" name="test_update_styling_parameters" time="0.456" /><testcase classname="backend.tests.test_styling_reseller_api.TestResellerSettingsAPI" name="test_get_default_reseller_settings" time="0.108" /><testcase classname="backend.tests.test_styling_reseller_api.TestResellerSettingsAPI" name="test_update_reseller_settings" time="0.423" /><testcase classname="backend.tests.test_styling_reseller_api.TestResellerSettingsAPI" name="test_update_margins" time="0.403" /><testcase classname="backend.tests.test_styling_reseller_api.TestResellerSettingsAPI" name="test_update_theme" time="0.441" /><testcase classname="backend.tests.test_styling_reseller_api.TestResellerSettingsAPI" name="test_update_branding" time="0.543" /><testcase classname="backend.tests.test_styling_reseller_api.TestResellerSettingsAPI" name="test_toggle_pricing_visibility" time="0.422" /><testcase classname="backend.tests.test_styling_reseller_api.TestResellerSettingsAPI" name="test_get_new_reseller_creates_defaults" time="0.094" /><testcase classname="backend.tests.test_styling_reseller_api.TestMarginCalculation" name="test_margin_calculation_example" time="0.110" /><testcase classname="backend.tests.test_styling_reseller_api.TestAllStylingParameters" name="test_get_all_styling_parameters" time="0.119" /></testsuite></testsuites>