<?xml version="1.0" encoding="utf-8"?><testsuites name="pytest tests"><testsuite name="pytest" errors="0" failures="0" skipped="0" tests="10" time="2.382" timestamp="2026-03-19T12:36:17.936697+00:00" hostname="agent-env-6701d043-cf8e-4624-907b-a14c91618848"><testcase classname="backend.tests.test_size_lookup_bug_fix.TestSizeLookupBugFix" name="test_lookup_jacket_slim_36" time="0.543" /><testcase classname="backend.tests.test_size_lookup_bug_fix.TestSizeLookupBugFix" name="test_lookup_jacket_slim_42" time="0.119" /><testcase classname="backend.tests.test_size_lookup_bug_fix.TestSizeLookupBugFix" name="test_lookup_jacket_regular_42" time="0.128" /><testcase classname="backend.tests.test_size_lookup_bug_fix.TestSizeLookupBugFix" name="test_lookup_jacket_regular_44" time="0.119" /><testcase classname="backend.tests.test_size_lookup_bug_fix.TestSizeLookupBugFix" name="test_lookup_portly_returns_404" time="0.114" /><testcase classname="backend.tests.test_size_lookup_bug_fix.TestSizeLookupBugFix" name="test_different_sizes_different_measurements" time="0.227" /><testcase classname="backend.tests.test_size_lookup_bug_fix.TestSizeLookupBugFix" name="test_error_message_format" time="0.129" /><testcase classname="backend.tests.test_size_lookup_bug_fix.TestSizeLookupBugFix" name="test_all_slim_sizes_unique" time="0.693" /><testcase classname="backend.tests.test_size_lookup_bug_fix.TestSizeLookupAuth" name="test_lookup_requires_auth" time="0.115" /><testcase classname="backend.tests.test_size_lookup_bug_fix.TestSizeLookupAuth" name="test_lookup_with_invalid_token" time="0.130" /></testsuite></testsuites>