<?xml version="1.0" encoding="utf-8"?><testsuites name="pytest tests"><testsuite name="pytest" errors="0" failures="0" skipped="0" tests="17" time="5.043" timestamp="2026-02-18T14:50:22.900395+00:00" hostname="agent-env-88b9b9f4-8d14-4c54-a0f1-19e84bd5a2d9"><testcase classname="tests.test_permissions_auth_stripe.TestResellerAuthentication" name="test_reseller_login_success" time="0.439" /><testcase classname="tests.test_permissions_auth_stripe.TestResellerAuthentication" name="test_reseller_login_invalid_password" time="0.392" /><testcase classname="tests.test_permissions_auth_stripe.TestResellerAuthentication" name="test_reseller_login_invalid_email" time="0.112" /><testcase classname="tests.test_permissions_auth_stripe.TestResellerAuthentication" name="test_reseller_me_endpoint" time="0.479" /><testcase classname="tests.test_permissions_auth_stripe.TestResellerAuthentication" name="test_admin_cannot_login_as_reseller" time="0.355" /><testcase classname="tests.test_permissions_auth_stripe.TestPermissionsMatrix" name="test_get_roles" time="0.515" /><testcase classname="tests.test_permissions_auth_stripe.TestPermissionsMatrix" name="test_update_role_permissions" time="0.378" /><testcase classname="tests.test_permissions_auth_stripe.TestPermissionsMatrix" name="test_create_custom_role_with_permissions" time="0.402" /><testcase classname="tests.test_permissions_auth_stripe.TestStripeCheckout" name="test_get_stripe_settings" time="0.111" /><testcase classname="tests.test_permissions_auth_stripe.TestStripeCheckout" name="test_get_stripe_public_key" time="0.110" /><testcase classname="tests.test_permissions_auth_stripe.TestStripeCheckout" name="test_create_checkout_session_without_valid_stripe_keys" time="0.387" /><testcase classname="tests.test_permissions_auth_stripe.TestStripeCheckout" name="test_create_checkout_session_missing_fields" time="0.123" /><testcase classname="tests.test_permissions_auth_stripe.TestStripeCheckout" name="test_verify_payment_without_valid_stripe_keys" time="0.169" /><testcase classname="tests.test_permissions_auth_stripe.TestStripeCheckout" name="test_verify_payment_missing_session_id" time="0.139" /><testcase classname="tests.test_permissions_auth_stripe.TestAdminPermissionEnforcement" name="test_admin_login_returns_permissions" time="0.350" /><testcase classname="tests.test_permissions_auth_stripe.TestAdminPermissionEnforcement" name="test_reseller_login_returns_role_permissions" time="0.399" /><testcase classname="tests.test_permissions_auth_stripe.TestCleanup" name="test_restore_reseller_permissions" time="0.109" /></testsuite></testsuites>