<?xml version="1.0" encoding="utf-8"?><testsuites name="pytest tests"><testsuite name="pytest" errors="0" failures="0" skipped="0" tests="13" time="6.607" timestamp="2026-02-20T17:51:23.986491+00:00" hostname="agent-env-9cb8688c-8fa6-4b68-9acd-4a39ed5cedb4"><testcase classname="backend.tests.test_login_auth.TestAdminLogin" name="test_admin_login_success" time="0.719" /><testcase classname="backend.tests.test_login_auth.TestAdminLogin" name="test_admin_login_invalid_credentials" time="0.445" /><testcase classname="backend.tests.test_login_auth.TestAdminLogin" name="test_admin_login_nonexistent_user" time="0.141" /><testcase classname="backend.tests.test_login_auth.TestSalesPartnerLogin" name="test_sales_partner_login_success" time="0.582" /><testcase classname="backend.tests.test_login_auth.TestSalesPartnerLogin" name="test_sales_partner_login_invalid_credentials" time="0.355" /><testcase classname="backend.tests.test_login_auth.TestResellerLogin" name="test_reseller_login_trump_success" time="0.529" /><testcase classname="backend.tests.test_login_auth.TestResellerLogin" name="test_reseller_login_test_account_success" time="0.580" /><testcase classname="backend.tests.test_login_auth.TestResellerLogin" name="test_reseller_login_invalid_credentials" time="0.403" /><testcase classname="backend.tests.test_login_auth.TestResellerLogin" name="test_reseller_login_multiple_attempts" time="2.149" /><testcase classname="backend.tests.test_login_auth.TestAuthTokenValidation" name="test_me_endpoint_without_token" time="0.111" /><testcase classname="backend.tests.test_login_auth.TestAuthTokenValidation" name="test_me_endpoint_with_invalid_token" time="0.135" /><testcase classname="backend.tests.test_login_auth.TestLoginErrorMessages" name="test_admin_login_error_message" time="0.126" /><testcase classname="backend.tests.test_login_auth.TestLoginErrorMessages" name="test_reseller_login_error_message" time="0.141" /></testsuite></testsuites>