<?xml version="1.0" encoding="utf-8"?><testsuites name="pytest tests"><testsuite name="pytest" errors="0" failures="1" skipped="6" tests="18" time="4.447" timestamp="2026-02-19T18:22:42.716108+00:00" hostname="agent-env-5e526047-4ef0-4aae-90fe-fb757c4ce73c"><testcase classname="backend.tests.test_chat_api.TestChatEndpoints" name="test_get_chats_admin" time="0.884" /><testcase classname="backend.tests.test_chat_api.TestChatEndpoints" name="test_get_chats_reseller" time="0.508" /><testcase classname="backend.tests.test_chat_api.TestChatEndpoints" name="test_get_chats_unauthorized" time="0.127" /><testcase classname="backend.tests.test_chat_api.TestChatEndpoints" name="test_get_unread_count_admin" time="0.114" /><testcase classname="backend.tests.test_chat_api.TestChatEndpoints" name="test_get_unread_count_reseller" time="0.138" /><testcase classname="backend.tests.test_chat_api.TestChatEndpoints" name="test_get_admin_resellers_list" time="0.134" /><testcase classname="backend.tests.test_chat_api.TestChatOrderOperations" name="test_get_or_create_chat_for_order" time="0.498" /><testcase classname="backend.tests.test_chat_api.TestChatOrderOperations" name="test_get_reseller_orders_for_admin" time="0.352"><failure message="AssertionError: Expected 200, got 520&#10;assert 520 == 200&#10; +  where 520 = &lt;Response [520]&gt;.status_code">backend/tests/test_chat_api.py:150: in test_get_reseller_orders_for_admin
    assert response.status_code == 200, f"Expected 200, got {response.status_code}"
E   AssertionError: Expected 200, got 520
E   assert 520 == 200
E    +  where 520 = &lt;Response [520]&gt;.status_code</failure></testcase><testcase classname="backend.tests.test_chat_api.TestChatMessaging" name="test_send_message_to_chat" time="0.174"><skipped type="pytest.skip" message="Could not create chat for messaging tests">/app/backend/tests/test_chat_api.py:169: Could not create chat for messaging tests</skipped></testcase><testcase classname="backend.tests.test_chat_api.TestChatMessaging" name="test_get_chat_messages" time="0.194"><skipped type="pytest.skip" message="Could not create chat for messaging tests">/app/backend/tests/test_chat_api.py:183: Could not create chat for messaging tests</skipped></testcase><testcase classname="backend.tests.test_chat_api.TestChatMessaging" name="test_mark_messages_as_read" time="0.155"><skipped type="pytest.skip" message="Could not create chat for messaging tests">/app/backend/tests/test_chat_api.py:193: Could not create chat for messaging tests</skipped></testcase><testcase classname="backend.tests.test_chat_api.TestChatFileUpload" name="test_upload_small_file" time="0.165"><skipped type="pytest.skip" message="Could not create chat for file upload tests">/app/backend/tests/test_chat_api.py:218: Could not create chat for file upload tests</skipped></testcase><testcase classname="backend.tests.test_chat_api.TestChatFileUpload" name="test_upload_large_file_rejected" time="0.122"><skipped type="pytest.skip" message="Could not create chat for file upload tests">/app/backend/tests/test_chat_api.py:238: Could not create chat for file upload tests</skipped></testcase><testcase classname="backend.tests.test_chat_api.TestChatFileUpload" name="test_retrieve_uploaded_file" time="0.132"><skipped type="pytest.skip" message="Could not create chat for file upload tests">/app/backend/tests/test_chat_api.py:252: Could not create chat for file upload tests</skipped></testcase><testcase classname="backend.tests.test_chat_api.TestChatAccessControl" name="test_admin_can_access_all_chats" time="0.132" /><testcase classname="backend.tests.test_chat_api.TestChatAccessControl" name="test_reseller_only_sees_own_chats" time="0.121" /><testcase classname="backend.tests.test_chat_api.TestChatAccessControl" name="test_invalid_chat_id_returns_404" time="0.208" /><testcase classname="backend.tests.test_chat_api.TestSalesPartnerChatEndpoints" name="test_get_referred_resellers_endpoint_exists" time="0.154" /></testsuite></testsuites>