<?xml version="1.0" encoding="utf-8"?><testsuites name="pytest tests"><testsuite name="pytest" errors="0" failures="0" skipped="0" tests="10" time="2.836" timestamp="2026-02-23T09:44:07.185694+00:00" hostname="agent-env-17fa6784-e5c5-4ccf-876b-e8ad3fece78c"><testcase classname="backend.tests.test_dual_payment_system.TestCustomerPaymentEndpoint" name="test_customer_payment_missing_fields" time="0.143" /><testcase classname="backend.tests.test_dual_payment_system.TestCustomerPaymentEndpoint" name="test_customer_payment_stripe_not_configured" time="0.098" /><testcase classname="backend.tests.test_dual_payment_system.TestAdminPaymentEndpoint" name="test_admin_payment_missing_fields" time="0.095" /><testcase classname="backend.tests.test_dual_payment_system.TestAdminPaymentEndpoint" name="test_admin_payment_stripe_not_configured" time="0.105" /><testcase classname="backend.tests.test_dual_payment_system.TestOrderCreation" name="test_get_or_create_customer" time="0.579" /><testcase classname="backend.tests.test_dual_payment_system.TestOrderCreation" name="test_order_creation_includes_dual_payment_fields" time="0.680" /><testcase classname="backend.tests.test_dual_payment_system.TestOrderCreation" name="test_order_creation_calculates_from_items" time="0.676" /><testcase classname="backend.tests.test_dual_payment_system.TestResellerSettings" name="test_reseller_settings_stripe_status" time="0.105" /><testcase classname="backend.tests.test_dual_payment_system.TestHealthAndEndpoints" name="test_health_endpoint" time="0.096" /><testcase classname="backend.tests.test_dual_payment_system.TestHealthAndEndpoints" name="test_payment_routes_exist" time="0.195" /></testsuite></testsuites>