<?xml version="1.0" encoding="utf-8"?><testsuites name="pytest tests"><testsuite name="pytest" errors="0" failures="0" skipped="0" tests="13" time="7.271" timestamp="2026-02-28T10:55:22.655023+00:00" hostname="agent-env-7df36e15-c69c-416c-9f75-6be87bc843e3"><testcase classname="backend.tests.test_pricing_margins_fix.TestAuthEndpoints" name="test_admin_login" time="0.535" /><testcase classname="backend.tests.test_pricing_margins_fix.TestAuthEndpoints" name="test_reseller_login" time="0.396" /><testcase classname="backend.tests.test_pricing_margins_fix.TestResellerSettings" name="test_get_reseller_settings_by_email" time="0.169" /><testcase classname="backend.tests.test_pricing_margins_fix.TestResellerSettings" name="test_update_reseller_margins" time="0.174" /><testcase classname="backend.tests.test_pricing_margins_fix.TestResellerSettings" name="test_create_new_reseller_settings" time="0.146" /><testcase classname="backend.tests.test_pricing_margins_fix.TestAdminResellerPricing" name="test_get_reseller_pricing" time="0.536" /><testcase classname="backend.tests.test_pricing_margins_fix.TestAdminResellerPricing" name="test_update_reseller_pricing" time="0.532" /><testcase classname="backend.tests.test_pricing_margins_fix.TestPriceCalculation" name="test_setup_margins" time="0.808" /><testcase classname="backend.tests.test_pricing_margins_fix.TestPriceCalculation" name="test_calculate_price_with_margins" time="1.324" /><testcase classname="backend.tests.test_pricing_margins_fix.TestPriceCalculation" name="test_calculate_price_shows_both_margins" time="1.294" /><testcase classname="backend.tests.test_pricing_margins_fix.TestDataPersistence" name="test_different_resellers_have_separate_settings" time="0.299" /><testcase classname="backend.tests.test_pricing_margins_fix.TestDataPersistence" name="test_margin_changes_persist" time="0.452" /><testcase classname="backend.tests.test_pricing_margins_fix.TestTotalsCalculation" name="test_total_includes_both_costs" time="0.534" /></testsuite></testsuites>