<?xml version="1.0" encoding="utf-8"?><testsuites name="pytest tests"><testsuite name="pytest" errors="0" failures="0" skipped="0" tests="18" time="9.234" timestamp="2026-02-19T17:54:51.420782+00:00" hostname="agent-env-5e526047-4ef0-4aae-90fe-fb757c4ce73c"><testcase classname="tests.test_admin_features.TestAuthSetup" name="test_admin_login" time="0.435" /><testcase classname="tests.test_admin_features.TestAdminCustomerManagement" name="test_create_customer" time="0.506" /><testcase classname="tests.test_admin_features.TestAdminCustomerManagement" name="test_get_all_customers" time="0.410" /><testcase classname="tests.test_admin_features.TestAdminCustomerManagement" name="test_get_all_customers_with_search" time="0.455" /><testcase classname="tests.test_admin_features.TestAdminCustomerManagement" name="test_customer_crud_full_cycle" time="0.808" /><testcase classname="tests.test_admin_features.TestAdminCustomerManagement" name="test_customer_delete_with_orders_blocked" time="0.531" /><testcase classname="tests.test_admin_features.TestAdminCustomerManagement" name="test_unauthorized_access" time="0.093" /><testcase classname="tests.test_admin_features.TestResellerSourcesManagement" name="test_get_reseller_sources" time="0.440" /><testcase classname="tests.test_admin_features.TestResellerSourcesManagement" name="test_reseller_source_crud_cycle" time="0.759" /><testcase classname="tests.test_admin_features.TestResellerSourcesManagement" name="test_duplicate_source_name_blocked" time="0.571" /><testcase classname="tests.test_admin_features.TestOrderStatusesManagement" name="test_get_order_statuses" time="0.457" /><testcase classname="tests.test_admin_features.TestOrderStatusesManagement" name="test_order_status_crud_cycle" time="0.736" /><testcase classname="tests.test_admin_features.TestOrderStatusesManagement" name="test_system_status_delete_blocked" time="0.489" /><testcase classname="tests.test_admin_features.TestOrderStatusesManagement" name="test_system_status_name_change_blocked" time="0.497" /><testcase classname="tests.test_admin_features.TestOrderPDFGeneration" name="test_pdf_generation_endpoint_exists" time="0.672" /><testcase classname="tests.test_admin_features.TestOrderPDFGeneration" name="test_pdf_data_endpoint" time="0.622" /><testcase classname="tests.test_admin_features.TestOrderPDFGeneration" name="test_pdf_unauthorized_access_blocked" time="0.110" /><testcase classname="tests.test_admin_features.TestOrderPDFGeneration" name="test_pdf_nonexistent_order" time="0.546" /></testsuite></testsuites>