<?xml version="1.0" encoding="utf-8"?><testsuites name="pytest tests"><testsuite name="pytest" errors="0" failures="0" skipped="0" tests="15" time="2.436" timestamp="2026-02-18T09:39:24.639297+00:00" hostname="agent-env-61d739bc-e20c-4997-a629-731f30ae132b"><testcase classname="backend.tests.test_measurements_api.TestMeasurementConfigAPI" name="test_get_measurement_config_returns_200" time="0.136" /><testcase classname="backend.tests.test_measurements_api.TestMeasurementConfigAPI" name="test_get_measurement_config_has_fields" time="0.105" /><testcase classname="backend.tests.test_measurements_api.TestMeasurementConfigAPI" name="test_get_measurement_config_has_product_types" time="0.103" /><testcase classname="backend.tests.test_measurements_api.TestMeasurementConfigAPI" name="test_measurement_field_structure" time="0.123" /><testcase classname="backend.tests.test_measurements_api.TestMeasurementConfigAPI" name="test_product_type_structure" time="0.121" /><testcase classname="backend.tests.test_measurements_api.TestMeasurementConfigAPI" name="test_default_fields_present" time="0.129" /><testcase classname="backend.tests.test_measurements_api.TestMeasurementConfigAPI" name="test_default_product_types_present" time="0.108" /><testcase classname="backend.tests.test_measurements_api.TestCustomerMeasurementAPI" name="test_save_customer_measurement" time="0.104" /><testcase classname="backend.tests.test_measurements_api.TestCustomerMeasurementAPI" name="test_get_customer_measurement" time="0.201" /><testcase classname="backend.tests.test_measurements_api.TestCustomerMeasurementAPI" name="test_update_customer_measurement" time="0.304" /><testcase classname="backend.tests.test_measurements_api.TestCustomerMeasurementAPI" name="test_list_all_measurements" time="0.126" /><testcase classname="backend.tests.test_measurements_api.TestCustomerMeasurementAPI" name="test_delete_customer_measurement" time="0.307" /><testcase classname="backend.tests.test_measurements_api.TestCustomerMeasurementAPI" name="test_save_measurement_without_customer_id_fails" time="0.110" /><testcase classname="backend.tests.test_measurements_api.TestCustomerMeasurementAPI" name="test_get_nonexistent_customer_returns_empty" time="0.094" /><testcase classname="backend.tests.test_measurements_api.TestMeasurementConfigUpdateAPI" name="test_update_measurement_config" time="0.311" /></testsuite></testsuites>