<?xml version="1.0" encoding="utf-8"?><testsuites name="pytest tests"><testsuite name="pytest" errors="0" failures="0" skipped="0" tests="12" time="1.600" timestamp="2026-02-20T10:10:50.710436+00:00" hostname="agent-env-e6a825d6-a294-4919-b36a-a0fd87937671"><testcase classname="tests.test_cost_view_secret_code.TestSecretCodeSettings" name="test_get_reseller_settings" time="0.285" /><testcase classname="tests.test_cost_view_secret_code.TestSecretCodeSettings" name="test_set_secret_code" time="0.061" /><testcase classname="tests.test_cost_view_secret_code.TestSecretCodeSettings" name="test_secret_code_persists" time="0.103" /><testcase classname="tests.test_cost_view_secret_code.TestSecretCodeSettings" name="test_set_empty_secret_code" time="0.053" /><testcase classname="tests.test_cost_view_secret_code.TestSecretCodeSettings" name="test_update_settings_with_full_payload" time="0.055" /><testcase classname="tests.test_cost_view_secret_code.TestSecretCodeVerification" name="test_verify_correct_code" time="0.138" /><testcase classname="tests.test_cost_view_secret_code.TestSecretCodeVerification" name="test_verify_wrong_code" time="0.165" /><testcase classname="tests.test_cost_view_secret_code.TestSecretCodeVerification" name="test_verify_empty_code" time="0.102" /><testcase classname="tests.test_cost_view_secret_code.TestSecretCodeVerification" name="test_verify_code_not_configured" time="0.206" /><testcase classname="tests.test_cost_view_secret_code.TestSecretCodeVerification" name="test_verify_nonexistent_reseller" time="0.108" /><testcase classname="tests.test_cost_view_secret_code.TestMarginCalculationIntegration" name="test_margins_in_settings" time="0.057" /><testcase classname="tests.test_cost_view_secret_code.TestCleanup" name="test_reset_secret_code" time="0.056" /></testsuite></testsuites>