<?xml version="1.0" encoding="utf-8"?><testsuites name="pytest tests"><testsuite name="pytest" errors="0" failures="0" skipped="0" tests="22" time="8.152" timestamp="2026-02-19T19:14:28.785978+00:00" hostname="agent-env-2b690c8c-6221-4657-8d34-d58481ab6326"><testcase classname="backend.tests.test_data_isolation_security.TestDataIsolationSecurity" name="test_reseller1_can_see_own_customers" time="2.939" /><testcase classname="backend.tests.test_data_isolation_security.TestDataIsolationSecurity" name="test_reseller1_cannot_see_reseller2_customers" time="0.152" /><testcase classname="backend.tests.test_data_isolation_security.TestDataIsolationSecurity" name="test_reseller2_cannot_see_reseller1_customers" time="0.130" /><testcase classname="backend.tests.test_data_isolation_security.TestDataIsolationSecurity" name="test_reseller1_cannot_access_reseller2_customer_directly" time="0.171" /><testcase classname="backend.tests.test_data_isolation_security.TestDataIsolationSecurity" name="test_reseller1_can_see_own_orders" time="0.297" /><testcase classname="backend.tests.test_data_isolation_security.TestDataIsolationSecurity" name="test_reseller1_cannot_see_reseller2_orders" time="0.260" /><testcase classname="backend.tests.test_data_isolation_security.TestDataIsolationSecurity" name="test_reseller2_cannot_see_reseller1_orders" time="0.153" /><testcase classname="backend.tests.test_data_isolation_security.TestDataIsolationSecurity" name="test_reseller1_cannot_access_reseller2_order_directly" time="0.192" /><testcase classname="backend.tests.test_data_isolation_security.TestDataIsolationSecurity" name="test_reseller1_can_see_own_templates" time="0.156" /><testcase classname="backend.tests.test_data_isolation_security.TestDataIsolationSecurity" name="test_reseller1_cannot_see_reseller2_templates" time="0.249" /><testcase classname="backend.tests.test_data_isolation_security.TestDataIsolationSecurity" name="test_reseller2_cannot_see_reseller1_templates" time="0.115" /><testcase classname="backend.tests.test_data_isolation_security.TestDataIsolationSecurity" name="test_reseller1_can_see_own_chats" time="0.263" /><testcase classname="backend.tests.test_data_isolation_security.TestDataIsolationSecurity" name="test_reseller2_can_see_own_chats" time="0.142" /><testcase classname="backend.tests.test_data_isolation_security.TestDataIsolationSecurity" name="test_reseller1_can_see_own_measurements" time="0.112" /><testcase classname="backend.tests.test_data_isolation_security.TestDataIsolationSecurity" name="test_reseller1_cannot_see_reseller2_measurements" time="0.124" /><testcase classname="backend.tests.test_data_isolation_security.TestDataIsolationSecurity" name="test_reseller2_cannot_see_reseller1_measurements" time="0.223" /><testcase classname="backend.tests.test_data_isolation_security.TestDataIsolationSecurity" name="test_reseller1_cannot_access_reseller2_measurement_directly" time="0.122" /><testcase classname="backend.tests.test_data_isolation_security.TestDataIsolationSecurity" name="test_admin_can_see_all_customers" time="0.117" /><testcase classname="backend.tests.test_data_isolation_security.TestDataIsolationSecurity" name="test_admin_can_see_all_orders" time="0.292" /><testcase classname="backend.tests.test_data_isolation_security.TestDataIsolationSecurity" name="test_admin_can_see_all_templates" time="0.119" /><testcase classname="backend.tests.test_data_isolation_security.TestDataIsolationSecurity" name="test_admin_can_see_all_chats" time="0.124" /><testcase classname="backend.tests.test_data_isolation_security.TestDataIsolationSecurity" name="test_admin_can_see_all_measurements" time="1.613" /></testsuite></testsuites>