<?xml version="1.0" encoding="utf-8"?><testsuites name="pytest tests"><testsuite name="pytest" errors="0" failures="0" skipped="0" tests="20" time="4.432" timestamp="2026-02-20T06:58:09.197143+00:00" hostname="agent-env-6d69bc85-19ed-464d-aec4-e8ef8f6fa052"><testcase classname="backend.tests.test_pricing_module.TestPricingModule" name="test_get_fabric_prices_all" time="0.673" /><testcase classname="backend.tests.test_pricing_module.TestPricingModule" name="test_get_fabric_prices_active" time="0.113" /><testcase classname="backend.tests.test_pricing_module.TestPricingModule" name="test_fabric_price_lookup_success" time="0.534" /><testcase classname="backend.tests.test_pricing_module.TestPricingModule" name="test_fabric_price_lookup_case_insensitive" time="0.115" /><testcase classname="backend.tests.test_pricing_module.TestPricingModule" name="test_fabric_price_lookup_not_found" time="0.112" /><testcase classname="backend.tests.test_pricing_module.TestPricingModule" name="test_create_fabric_price" time="0.245" /><testcase classname="backend.tests.test_pricing_module.TestPricingModule" name="test_create_fabric_price_duplicate" time="0.120" /><testcase classname="backend.tests.test_pricing_module.TestPricingModule" name="test_get_size_categories" time="0.115" /><testcase classname="backend.tests.test_pricing_module.TestPricingModule" name="test_update_size_categories" time="0.393" /><testcase classname="backend.tests.test_pricing_module.TestPricingModule" name="test_get_shipping_rates" time="0.104" /><testcase classname="backend.tests.test_pricing_module.TestPricingModule" name="test_create_shipping_rate" time="0.142" /><testcase classname="backend.tests.test_pricing_module.TestPricingModule" name="test_get_country_surcharges" time="0.123" /><testcase classname="backend.tests.test_pricing_module.TestPricingModule" name="test_create_country_surcharge" time="0.256" /><testcase classname="backend.tests.test_pricing_module.TestPricingModule" name="test_get_all_reseller_margins" time="0.114" /><testcase classname="backend.tests.test_pricing_module.TestPricingModule" name="test_get_reseller_margins_specific" time="0.118" /><testcase classname="backend.tests.test_pricing_module.TestPricingModule" name="test_update_reseller_margins" time="0.253" /><testcase classname="backend.tests.test_pricing_module.TestPricingModule" name="test_calculate_price" time="0.110" /><testcase classname="backend.tests.test_pricing_module.TestPricingModule" name="test_calculate_price_different_sizes" time="0.351" /><testcase classname="backend.tests.test_pricing_module.TestPricingModule" name="test_fabric_prices_requires_auth" time="0.116" /><testcase classname="backend.tests.test_pricing_module.TestPricingModule" name="test_reseller_cannot_create_fabric_price" time="0.112" /></testsuite></testsuites>