<?xml version="1.0" encoding="utf-8"?><testsuites name="pytest tests"><testsuite name="pytest" errors="0" failures="0" skipped="0" tests="31" time="3.566" timestamp="2026-02-27T09:38:01.065286+00:00" hostname="agent-env-5a69a286-8a81-4509-ab0f-c6ffb619f2ea"><testcase classname="backend.tests.test_seo_system.TestSEOPreviewHTML" name="test_preview_html_home_page_has_title" time="0.244" /><testcase classname="backend.tests.test_seo_system.TestSEOPreviewHTML" name="test_preview_html_home_page_has_meta_description" time="0.102" /><testcase classname="backend.tests.test_seo_system.TestSEOPreviewHTML" name="test_preview_html_home_page_has_og_tags" time="0.109" /><testcase classname="backend.tests.test_seo_system.TestSEOPreviewHTML" name="test_preview_html_home_page_has_twitter_cards" time="0.096" /><testcase classname="backend.tests.test_seo_system.TestSEOPreviewHTML" name="test_preview_html_home_page_has_canonical_url" time="0.102" /><testcase classname="backend.tests.test_seo_system.TestSEOPreviewHTML" name="test_preview_html_home_page_has_structured_data" time="0.122" /><testcase classname="backend.tests.test_seo_system.TestSEOPreviewHTML" name="test_preview_html_home_page_has_ga4_script" time="0.105" /><testcase classname="backend.tests.test_seo_system.TestSEOPreviewHTML" name="test_preview_html_home_page_has_google_site_verification" time="0.104" /><testcase classname="backend.tests.test_seo_system.TestSEOPreviewHTML" name="test_preview_html_about_page_has_page_level_overrides" time="0.098" /><testcase classname="backend.tests.test_seo_system.TestSEOPreviewHTML" name="test_preview_html_about_page_fallback_to_global_for_og_image" time="0.099" /><testcase classname="backend.tests.test_seo_system.TestSEOPreviewHTML" name="test_preview_html_contact_page_has_title_and_canonical" time="0.100" /><testcase classname="backend.tests.test_seo_system.TestSEOPreviewHTML" name="test_preview_html_has_root_div_untouched" time="0.301" /><testcase classname="backend.tests.test_seo_system.TestSEOPreviewHTML" name="test_preview_html_has_react_bundle_untouched" time="0.102" /><testcase classname="backend.tests.test_seo_system.TestSEOPreviewHTML" name="test_preview_html_no_duplicate_description_meta" time="0.104" /><testcase classname="backend.tests.test_seo_system.TestSEOPortalPaths" name="test_admin_path_no_seo_injection" time="0.004" /><testcase classname="backend.tests.test_seo_system.TestSEOPortalPaths" name="test_login_path_no_seo_injection" time="0.003" /><testcase classname="backend.tests.test_seo_system.TestSEOPortalPaths" name="test_reseller_path_no_seo_injection" time="0.003" /><testcase classname="backend.tests.test_seo_system.TestSEOPortalPaths" name="test_partner_path_no_seo_injection" time="0.003" /><testcase classname="backend.tests.test_seo_system.TestAPIRoutesNotAffected" name="test_api_health_returns_json" time="0.107" /><testcase classname="backend.tests.test_seo_system.TestAPIRoutesNotAffected" name="test_api_seo_global_returns_json" time="0.099" /><testcase classname="backend.tests.test_seo_system.TestStaticFileServing" name="test_static_js_file_served" time="0.010" /><testcase classname="backend.tests.test_seo_system.TestStaticFileServing" name="test_static_css_file_served" time="0.004" /><testcase classname="backend.tests.test_seo_system.TestRedirectFeature" name="test_301_redirect_via_localhost" time="0.003" /><testcase classname="backend.tests.test_seo_system.TestRedirectFeature" name="test_redirect_crud_get_list" time="0.464" /><testcase classname="backend.tests.test_seo_system.TestRedirectFeature" name="test_redirect_crud_create_and_delete" time="0.317" /><testcase classname="backend.tests.test_seo_system.TestSitemapAndRobots" name="test_sitemap_xml_returns_valid_xml" time="0.126" /><testcase classname="backend.tests.test_seo_system.TestSitemapAndRobots" name="test_sitemap_xml_contains_pages" time="0.118" /><testcase classname="backend.tests.test_seo_system.TestSitemapAndRobots" name="test_robots_txt_returns_text" time="0.110" /><testcase classname="backend.tests.test_seo_system.TestFallbackHierarchy" name="test_page_level_overrides_global" time="0.097" /><testcase classname="backend.tests.test_seo_system.TestFallbackHierarchy" name="test_fallback_to_global_when_page_empty" time="0.103" /><testcase classname="backend.tests.test_seo_system.TestFallbackHierarchy" name="test_auto_generated_defaults" time="0.098" /></testsuite></testsuites>