<?xml version="1.0" encoding="utf-8"?><testsuites name="pytest tests"><testsuite name="pytest" errors="0" failures="0" skipped="1" tests="11" time="7.823" timestamp="2026-02-20T08:39:55.587666+00:00" hostname="agent-env-e6a825d6-a294-4919-b36a-a0fd87937671"><testcase classname="tests.test_shipping_tracking.TestShippingTrackingModule" name="test_01_admin_login" time="1.133" /><testcase classname="tests.test_shipping_tracking.TestShippingTrackingModule" name="test_02_get_orders_list" time="0.961" /><testcase classname="tests.test_shipping_tracking.TestShippingTrackingModule" name="test_03_add_shipping_tracking_details" time="0.910" /><testcase classname="tests.test_shipping_tracking.TestShippingTrackingModule" name="test_04_get_shipping_tracking_details" time="0.874" /><testcase classname="tests.test_shipping_tracking.TestShippingTrackingModule" name="test_05_verify_order_status_changed_to_shipped" time="0.937" /><testcase classname="tests.test_shipping_tracking.TestCustomerOrderHistory" name="test_01_get_customers_list" time="0.503" /><testcase classname="tests.test_shipping_tracking.TestCustomerOrderHistory" name="test_02_get_customer_details_with_orders" time="0.582" /><testcase classname="tests.test_shipping_tracking.TestResellerShippingView" name="test_01_reseller_can_get_shipping_tracking" time="0.472"><skipped type="pytest.skip" message="No shipped orders found for reseller">/app/backend/tests/test_shipping_tracking.py:311: No shipped orders found for reseller</skipped></testcase><testcase classname="tests.test_shipping_tracking.TestShippingTrackingValidation" name="test_01_shipping_tracking_requires_auth" time="0.446" /><testcase classname="tests.test_shipping_tracking.TestShippingTrackingValidation" name="test_02_shipping_tracking_invalid_order" time="0.455" /><testcase classname="tests.test_shipping_tracking.TestShippingTrackingValidation" name="test_03_get_shipping_tracking_invalid_order" time="0.478" /></testsuite></testsuites>