<?xml version="1.0" encoding="utf-8"?><testsuites name="pytest tests"><testsuite name="pytest" errors="0" failures="0" skipped="0" tests="19" time="5.707" timestamp="2026-02-17T19:24:16.788973+00:00" hostname="agent-env-80f652c2-3626-441c-9bfb-959ad2659b02"><testcase classname="backend.tests.test_settings_api.TestHealthEndpoint" name="test_health_check" time="0.170" /><testcase classname="backend.tests.test_settings_api.TestAuthEndpoints" name="test_admin_login_success" time="0.423" /><testcase classname="backend.tests.test_settings_api.TestAuthEndpoints" name="test_admin_login_invalid_credentials" time="0.166" /><testcase classname="backend.tests.test_settings_api.TestAuthEndpoints" name="test_admin_login_wrong_password" time="0.388" /><testcase classname="backend.tests.test_settings_api.TestAllContentEndpoint" name="test_get_all_content_public" time="0.142" /><testcase classname="backend.tests.test_settings_api.TestAllContentEndpoint" name="test_all_content_has_suits_india_branding" time="0.164" /><testcase classname="backend.tests.test_settings_api.TestAllContentEndpoint" name="test_contact_us_content_structure" time="0.135" /><testcase classname="backend.tests.test_settings_api.TestAllContentEndpoint" name="test_home_content_structure" time="0.141" /><testcase classname="backend.tests.test_settings_api.TestAllContentEndpoint" name="test_put_all_content_requires_auth" time="0.192" /><testcase classname="backend.tests.test_settings_api.TestAllContentEndpoint" name="test_put_all_content_with_auth" time="1.015" /><testcase classname="backend.tests.test_settings_api.TestUISettingsEndpoints" name="test_get_public_ui_settings" time="0.102" /><testcase classname="backend.tests.test_settings_api.TestUISettingsEndpoints" name="test_get_ui_settings_requires_auth" time="0.138" /><testcase classname="backend.tests.test_settings_api.TestAllImagesEndpoint" name="test_get_all_images_requires_auth" time="0.122" /><testcase classname="backend.tests.test_settings_api.TestAllImagesEndpoint" name="test_get_all_images_with_auth" time="0.549" /><testcase classname="backend.tests.test_settings_api.TestAllImagesEndpoint" name="test_all_images_has_display_mode" time="0.565" /><testcase classname="backend.tests.test_settings_api.TestAllImagesEndpoint" name="test_put_all_images_requires_auth" time="0.138" /><testcase classname="backend.tests.test_settings_api.TestAllImagesEndpoint" name="test_put_all_images_with_auth" time="0.695" /><testcase classname="backend.tests.test_settings_api.TestHomepageEndpoint" name="test_get_homepage_content" time="0.137" /><testcase classname="backend.tests.test_settings_api.TestFooterContent" name="test_footer_content_in_all_content" time="0.255" /></testsuite></testsuites>