<?xml version="1.0" encoding="utf-8"?><testsuites name="pytest tests"><testsuite name="pytest" errors="0" failures="1" skipped="0" tests="9" time="4.984" timestamp="2026-02-20T12:24:29.677033+00:00" hostname="agent-env-9cb8688c-8fa6-4b68-9acd-4a39ed5cedb4"><testcase classname="backend.tests.test_stripe_payment.TestStripeSettingsAPI" name="test_get_stripe_public_key" time="0.305" /><testcase classname="backend.tests.test_stripe_payment.TestStripeSettingsAPI" name="test_get_stripe_settings" time="0.113" /><testcase classname="backend.tests.test_stripe_payment.TestStripeSettingsAPI" name="test_update_stripe_settings_publishable_key_only" time="0.455" /><testcase classname="backend.tests.test_stripe_payment.TestStripeCheckoutAPI" name="test_create_checkout_session_success" time="1.228" /><testcase classname="backend.tests.test_stripe_payment.TestStripeCheckoutAPI" name="test_create_checkout_session_missing_fields" time="0.469" /><testcase classname="backend.tests.test_stripe_payment.TestStripeCheckoutAPI" name="test_verify_payment_invalid_session" time="0.636" /><testcase classname="backend.tests.test_stripe_payment.TestStripeCheckoutAPI" name="test_verify_payment_missing_session_id" time="0.476" /><testcase classname="backend.tests.test_stripe_payment.TestOrderPaymentIntegration" name="test_order_updated_with_stripe_session" time="1.094" /><testcase classname="backend.tests.test_stripe_payment.TestStripeWebhook" name="test_webhook_invalid_payload" time="0.122"><failure message="AssertionError: Expected 400/422, got 520&#10;assert 520 in [400, 422]&#10; +  where 520 = &lt;Response [520]&gt;.status_code">backend/tests/test_stripe_payment.py:225: in test_webhook_invalid_payload
    assert response.status_code in [400, 422], f"Expected 400/422, got {response.status_code}"
E   AssertionError: Expected 400/422, got 520
E   assert 520 in [400, 422]
E    +  where 520 = &lt;Response [520]&gt;.status_code</failure></testcase></testsuite></testsuites>