<?xml version="1.0" encoding="utf-8"?><testsuites name="pytest tests"><testsuite name="pytest" errors="0" failures="0" skipped="0" tests="10" time="5.504" timestamp="2026-03-18T12:09:42.538483+00:00" hostname="agent-env-365eab7c-f296-4538-84b5-2f5137cc850a"><testcase classname="backend.tests.test_style_input_types.TestStylingInputTypes" name="test_get_styling_parameters_returns_input_type" time="0.510" /><testcase classname="backend.tests.test_style_input_types.TestStylingInputTypes" name="test_get_styling_parameters_returns_has_text_input_on_options" time="0.483" /><testcase classname="backend.tests.test_style_input_types.TestStylingInputTypes" name="test_get_styling_parameters_returns_text_label_on_parameters" time="0.463" /><testcase classname="backend.tests.test_style_input_types.TestStylingInputTypes" name="test_get_styling_parameters_returns_sub_options_with_has_text_input" time="0.480" /><testcase classname="backend.tests.test_style_input_types.TestStylingInputTypes" name="test_put_styling_with_input_type" time="0.819" /><testcase classname="backend.tests.test_style_input_types.TestStylingInputTypes" name="test_put_styling_with_image_and_text_input_type" time="0.855" /><testcase classname="backend.tests.test_style_input_types.TestStylingInputTypes" name="test_put_styling_with_sub_option_text_input" time="0.802" /><testcase classname="backend.tests.test_style_input_types.TestStylingInputTypes" name="test_existing_option_has_text_input_preserved" time="0.462" /><testcase classname="backend.tests.test_style_input_types.TestStylingInputTypes" name="test_backend_models_support_all_fields" time="0.472" /><testcase classname="backend.tests.test_style_input_types.TestDefaultInputType" name="test_default_input_type_is_image_only" time="0.103" /></testsuite></testsuites>