<?xml version="1.0" encoding="utf-8"?><testsuites name="pytest tests"><testsuite name="pytest" errors="0" failures="0" skipped="0" tests="21" time="16.098" timestamp="2026-02-19T20:23:27.327672+00:00" hostname="agent-env-2b690c8c-6221-4657-8d34-d58481ab6326"><testcase classname="backend.tests.test_e2e_flow_security.TestCredentialLogin" name="test_admin_login" time="0.635" /><testcase classname="backend.tests.test_e2e_flow_security.TestCredentialLogin" name="test_reseller1_login" time="0.374" /><testcase classname="backend.tests.test_e2e_flow_security.TestCredentialLogin" name="test_reseller2_login" time="0.396" /><testcase classname="backend.tests.test_e2e_flow_security.TestCredentialLogin" name="test_sales_partner_login" time="0.421" /><testcase classname="backend.tests.test_e2e_flow_security.TestDataIsolation" name="test_customers_isolation" time="1.431" /><testcase classname="backend.tests.test_e2e_flow_security.TestDataIsolation" name="test_orders_isolation" time="1.387" /><testcase classname="backend.tests.test_e2e_flow_security.TestDataIsolation" name="test_styling_templates_isolation" time="1.181" /><testcase classname="backend.tests.test_e2e_flow_security.TestDataIsolation" name="test_measurements_isolation" time="1.120" /><testcase classname="backend.tests.test_e2e_flow_security.TestDataIsolation" name="test_direct_customer_access_blocked" time="1.129" /><testcase classname="backend.tests.test_e2e_flow_security.TestDataIsolation" name="test_direct_order_access_blocked" time="1.190" /><testcase classname="backend.tests.test_e2e_flow_security.TestSalesPartnerCommission" name="test_sales_partner_stats_endpoint" time="0.603" /><testcase classname="backend.tests.test_e2e_flow_security.TestSalesPartnerCommission" name="test_sales_partner_referrals" time="0.518" /><testcase classname="backend.tests.test_e2e_flow_security.TestSalesPartnerCommission" name="test_sales_partner_orders" time="0.642" /><testcase classname="backend.tests.test_e2e_flow_security.TestSalesPartnerCommission" name="test_sales_partner_cannot_see_other_resellers_orders" time="0.644" /><testcase classname="backend.tests.test_e2e_flow_security.TestOrderFlow" name="test_get_product_categories" time="0.527" /><testcase classname="backend.tests.test_e2e_flow_security.TestOrderFlow" name="test_get_customers" time="0.465" /><testcase classname="backend.tests.test_e2e_flow_security.TestOrderFlow" name="test_get_wip_orders" time="0.495" /><testcase classname="backend.tests.test_e2e_flow_security.TestOrderFlow" name="test_get_placed_orders" time="0.549" /><testcase classname="backend.tests.test_e2e_flow_security.TestOrderFlow" name="test_order_creation_workflow" time="0.942" /><testcase classname="backend.tests.test_e2e_flow_security.TestStylingParameters" name="test_get_styling_parameters" time="0.688" /><testcase classname="backend.tests.test_e2e_flow_security.TestMeasurementConfig" name="test_get_measurement_config" time="0.672" /></testsuite></testsuites>