<?xml version="1.0" encoding="utf-8"?><testsuites name="pytest tests"><testsuite name="pytest" errors="0" failures="0" skipped="0" tests="12" time="3.338" timestamp="2026-02-19T10:30:48.339381+00:00" hostname="agent-env-9a33cedf-8c12-407e-a705-7a8e32b19f59"><testcase classname="backend.tests.test_measurements_styling_integration.TestMeasurementSaving" name="test_save_measurement_with_full_payload" time="0.319" /><testcase classname="backend.tests.test_measurements_styling_integration.TestMeasurementSaving" name="test_measurement_update_persists" time="0.310" /><testcase classname="backend.tests.test_measurements_styling_integration.TestMeasurementSaving" name="test_measurement_validation_requires_customer_id" time="0.107" /><testcase classname="backend.tests.test_measurements_styling_integration.TestMeasurementSaving" name="test_delete_and_cleanup" time="0.312" /><testcase classname="backend.tests.test_measurements_styling_integration.TestStylingTemplatesAPI" name="test_get_templates_returns_list" time="0.110" /><testcase classname="backend.tests.test_measurements_styling_integration.TestStylingTemplatesAPI" name="test_create_template" time="0.198" /><testcase classname="backend.tests.test_measurements_styling_integration.TestStylingTemplatesAPI" name="test_get_single_template" time="0.321" /><testcase classname="backend.tests.test_measurements_styling_integration.TestStylingTemplatesAPI" name="test_update_template" time="0.396" /><testcase classname="backend.tests.test_measurements_styling_integration.TestStylingTemplatesAPI" name="test_delete_template" time="0.298" /><testcase classname="backend.tests.test_measurements_styling_integration.TestStylingTemplatesAPI" name="test_template_not_found_returns_404" time="0.098" /><testcase classname="backend.tests.test_measurements_styling_integration.TestMeasurementConfig" name="test_get_measurement_config" time="0.105" /><testcase classname="backend.tests.test_measurements_styling_integration.TestMeasurementConfig" name="test_default_fields_present" time="0.691" /></testsuite></testsuites>