<?xml version="1.0" encoding="utf-8"?><testsuites name="pytest tests"><testsuite name="pytest" errors="0" failures="0" skipped="0" tests="16" time="7.951" timestamp="2026-02-25T15:49:23.710058+00:00" hostname="agent-env-21db3d92-303d-41c2-a0c3-af5bb468ce54"><testcase classname="backend.tests.test_content_editor.TestHealthEndpoint" name="test_api_health" time="0.236" /><testcase classname="backend.tests.test_content_editor.TestContentEditorGetPublic" name="test_get_all_content_public" time="0.062" /><testcase classname="backend.tests.test_content_editor.TestContentEditorGetPublic" name="test_content_has_home_section" time="0.059" /><testcase classname="backend.tests.test_content_editor.TestContentEditorGetPublic" name="test_content_has_about_section" time="0.062" /><testcase classname="backend.tests.test_content_editor.TestContentEditorGetPublic" name="test_content_has_contact_section" time="0.058" /><testcase classname="backend.tests.test_content_editor.TestContentEditorAuthenticated" name="test_update_content_requires_auth" time="0.059" /><testcase classname="backend.tests.test_content_editor.TestContentEditorAuthenticated" name="test_update_home_content" time="1.027" /><testcase classname="backend.tests.test_content_editor.TestContentEditorAuthenticated" name="test_update_hero_slides" time="0.682" /><testcase classname="backend.tests.test_content_editor.TestContentEditorAuthenticated" name="test_update_contact_us_content" time="0.719" /><testcase classname="backend.tests.test_content_editor.TestContentEditorAuthenticated" name="test_update_about_content" time="0.756" /><testcase classname="backend.tests.test_content_editor.TestContentEditorAuthenticated" name="test_update_garments_content" time="0.678" /><testcase classname="backend.tests.test_content_editor.TestContentEditorAuthenticated" name="test_update_technology_content" time="0.691" /><testcase classname="backend.tests.test_content_editor.TestContentEditorAuthenticated" name="test_update_how_it_works_content" time="0.696" /><testcase classname="backend.tests.test_content_editor.TestContentEditorAuthenticated" name="test_update_get_started_content" time="0.718" /><testcase classname="backend.tests.test_content_editor.TestContentPersistence" name="test_content_persists_after_multiple_gets" time="1.254" /><testcase classname="backend.tests.test_content_editor.TestCleanup" name="test_restore_default_values" time="0.121" /></testsuite></testsuites>