<?xml version="1.0" encoding="utf-8"?><testsuites name="pytest tests"><testsuite name="pytest" errors="0" failures="0" skipped="0" tests="15" time="2.557" timestamp="2026-02-19T12:20:55.592447+00:00" hostname="agent-env-55bd9d25-75a4-4308-890d-c445c32b250d"><testcase classname="tests.test_sales_partners_commissions.TestAdminAuthentication" name="test_admin_login" time="0.493" /><testcase classname="tests.test_sales_partners_commissions.TestGetUsers" name="test_get_all_users" time="0.461" /><testcase classname="tests.test_sales_partners_commissions.TestGetUsers" name="test_users_contain_commission_settings" time="0.107" /><testcase classname="tests.test_sales_partners_commissions.TestGetUsers" name="test_sales_partners_exist" time="0.121" /><testcase classname="tests.test_sales_partners_commissions.TestGetUsers" name="test_test_sales_partner_exists" time="0.112" /><testcase classname="tests.test_sales_partners_commissions.TestGetProductCategories" name="test_get_categories" time="0.116" /><testcase classname="tests.test_sales_partners_commissions.TestGetProductCategories" name="test_categories_contain_products" time="0.105" /><testcase classname="tests.test_sales_partners_commissions.TestGetProductCategories" name="test_products_have_required_fields" time="0.104" /><testcase classname="tests.test_sales_partners_commissions.TestUpdateCommissions" name="test_update_sales_partner_commissions" time="0.110" /><testcase classname="tests.test_sales_partners_commissions.TestUpdateCommissions" name="test_verify_commissions_persisted" time="0.150" /><testcase classname="tests.test_sales_partners_commissions.TestUpdateCommissions" name="test_update_non_sales_partner_fails" time="0.100" /><testcase classname="tests.test_sales_partners_commissions.TestUpdateCommissions" name="test_update_nonexistent_user_fails" time="0.102" /><testcase classname="tests.test_sales_partners_commissions.TestUpdateCommissions" name="test_unauthorized_access_fails" time="0.112" /><testcase classname="tests.test_sales_partners_commissions.TestProductCommissionsCount" name="test_product_commissions_count_calculation" time="0.149" /><testcase classname="tests.test_sales_partners_commissions.TestCleanup" name="test_reset_sales_partner_commissions" time="0.102" /></testsuite></testsuites>