<?xml version="1.0" encoding="utf-8"?><testsuites name="pytest tests"><testsuite name="pytest" errors="0" failures="0" skipped="0" tests="16" time="2.861" timestamp="2026-02-18T09:54:58.388184+00:00" hostname="agent-env-61d739bc-e20c-4997-a629-731f30ae132b"><testcase classname="backend.tests.test_orders_api.TestOrdersAPI" name="test_health_check" time="0.145" /><testcase classname="backend.tests.test_orders_api.TestOrdersAPI" name="test_create_wip_order" time="0.135" /><testcase classname="backend.tests.test_orders_api.TestOrdersAPI" name="test_create_order_without_customer_id_fails" time="0.116" /><testcase classname="backend.tests.test_orders_api.TestOrdersAPI" name="test_list_orders_by_customer" time="0.124" /><testcase classname="backend.tests.test_orders_api.TestOrdersAPI" name="test_list_orders_by_status" time="0.280" /><testcase classname="backend.tests.test_orders_api.TestOrdersAPI" name="test_get_specific_order" time="0.138" /><testcase classname="backend.tests.test_orders_api.TestOrdersAPI" name="test_get_nonexistent_order_returns_404" time="0.111" /><testcase classname="backend.tests.test_orders_api.TestOrdersAPI" name="test_link_measurement_to_order" time="0.094" /><testcase classname="backend.tests.test_orders_api.TestOrdersAPI" name="test_link_measurement_invalid_item_index" time="0.104" /><testcase classname="backend.tests.test_orders_api.TestOrdersAPI" name="test_update_order_status_to_placed" time="0.097" /><testcase classname="backend.tests.test_orders_api.TestOrdersAPI" name="test_update_order_status_invalid" time="0.093" /><testcase classname="backend.tests.test_orders_api.TestOrdersAPI" name="test_copy_order" time="0.108" /><testcase classname="backend.tests.test_orders_api.TestOrdersAPI" name="test_get_customer_wip_orders" time="0.093" /><testcase classname="backend.tests.test_orders_api.TestOrdersAPI" name="test_delete_order" time="0.327" /><testcase classname="backend.tests.test_orders_api.TestOrdersAPI" name="test_delete_nonexistent_order_returns_404" time="0.099" /><testcase classname="backend.tests.test_orders_api.TestOrdersIntegration" name="test_complete_wip_to_link_measurement_flow" time="0.729" /></testsuite></testsuites>