<?xml version="1.0" encoding="utf-8"?><testsuites name="pytest tests"><testsuite name="pytest" errors="1" failures="0" skipped="0" tests="12" time="4.679" timestamp="2026-02-23T10:23:54.612538+00:00" hostname="agent-env-17fa6784-e5c5-4ccf-876b-e8ad3fece78c"><testcase classname="backend.tests.test_staff_pricing_module.TestHealthEndpoint" name="test_api_health" time="0.162" /><testcase classname="backend.tests.test_staff_pricing_module.TestStaffLogin" name="test_staff_login_returns_margins" time="0.365" /><testcase classname="backend.tests.test_staff_pricing_module.TestStaffCustomerMargins" name="test_staff_can_update_own_customer_margins" time="0.473" /><testcase classname="backend.tests.test_staff_pricing_module.TestStaffCustomerMargins" name="test_staff_cannot_update_other_staff_margins" time="0.454" /><testcase classname="backend.tests.test_staff_pricing_module.TestStaffCustomerMargins" name="test_reseller_can_update_staff_customer_margins" time="0.454" /><testcase classname="backend.tests.test_staff_pricing_module.TestStaffCustomerMargins" name="test_get_staff_shows_customer_margins" time="0.459" /><testcase classname="backend.tests.test_staff_pricing_module.TestStaffPricingCalculation" name="test_pricing_calculation_for_staff_returns_is_staff_pricing" time="0.440" /><testcase classname="backend.tests.test_staff_pricing_module.TestStaffPricingCalculation" name="test_pricing_calculation_for_staff_applies_three_tier_margins" time="0.434" /><testcase classname="backend.tests.test_staff_pricing_module.TestStaffPricingCalculation" name="test_reseller_pricing_does_not_have_is_staff_pricing" time="0.446" /><testcase classname="backend.tests.test_staff_pricing_module.TestStaffDataRetrieval" name="test_staff_can_get_own_profile" time="0.442" /><testcase classname="backend.tests.test_staff_pricing_module.TestCostMarginsByReseller" name="test_reseller_can_set_staff_cost_margins" time="0.097"><error message="failed on setup with &quot;assert 429 == 200&#10; +  where 429 = &lt;Response [429]&gt;.status_code&quot;">backend/tests/test_staff_pricing_module.py:340: in reseller_token
    assert response.status_code == 200
E   assert 429 == 200
E    +  where 429 = &lt;Response [429]&gt;.status_code</error></testcase><testcase classname="backend.tests.test_staff_pricing_module.TestCostMarginsByReseller" name="test_verify_staff_cost_margins_in_login" time="0.354" /></testsuite></testsuites>