<?xml version="1.0" encoding="utf-8"?><testsuites name="pytest tests"><testsuite name="pytest" errors="2" failures="2" skipped="0" tests="16" time="6.503" timestamp="2026-02-23T10:05:37.850824+00:00" hostname="agent-env-17fa6784-e5c5-4ccf-876b-e8ad3fece78c"><testcase classname="backend.tests.test_staff_module.TestHealthAndEndpoints" name="test_health_endpoint" time="0.229" /><testcase classname="backend.tests.test_staff_module.TestHealthAndEndpoints" name="test_staff_route_registered" time="0.107" /><testcase classname="backend.tests.test_staff_module.TestResellerLogin" name="test_reseller_login_success" time="0.357" /><testcase classname="backend.tests.test_staff_module.TestStaffLogin" name="test_staff_login_success" time="0.347" /><testcase classname="backend.tests.test_staff_module.TestStaffLogin" name="test_staff_login_invalid_credentials" time="0.354" /><testcase classname="backend.tests.test_staff_module.TestStaffCRUD" name="test_list_staff_requires_auth" time="0.095" /><testcase classname="backend.tests.test_staff_module.TestStaffCRUD" name="test_list_staff_with_token" time="0.463" /><testcase classname="backend.tests.test_staff_module.TestStaffCRUD" name="test_create_staff" time="0.690" /><testcase classname="backend.tests.test_staff_module.TestStaffCRUD" name="test_get_staff_by_email" time="0.589" /><testcase classname="backend.tests.test_staff_module.TestStaffCRUD" name="test_update_staff" time="0.550" /><testcase classname="backend.tests.test_staff_module.TestStaffCRUD" name="test_update_staff_margins" time="0.564" /><testcase classname="backend.tests.test_staff_module.TestStaffCRUD" name="test_update_staff_password" time="0.805" /><testcase classname="backend.tests.test_staff_module.TestStaffCRUD" name="test_delete_staff" time="0.139"><error message="failed on setup with &quot;AssertionError: Reseller login failed: {&quot;error&quot;:&quot;Rate limit exceeded: 5 per 1 minute&quot;}&#10;assert 429 == 200&#10; +  where 429 = &lt;Response [429]&gt;.status_code&quot;">backend/tests/test_staff_module.py:119: in reseller_token
    assert response.status_code == 200, f"Reseller login failed: {response.text}"
E   AssertionError: Reseller login failed: {"error":"Rate limit exceeded: 5 per 1 minute"}
E   assert 429 == 200
E    +  where 429 = &lt;Response [429]&gt;.status_code</error></testcase><testcase classname="backend.tests.test_staff_module.TestStaffAuthentication" name="test_created_staff_can_login" time="0.787"><failure message="AssertionError: Staff login failed: {&quot;error&quot;:&quot;Rate limit exceeded: 5 per 1 minute&quot;}&#10;assert 429 == 200&#10; +  where 429 = &lt;Response [429]&gt;.status_code">backend/tests/test_staff_module.py:326: in test_created_staff_can_login
    assert login_response.status_code == 200, f"Staff login failed: {login_response.text}"
E   AssertionError: Staff login failed: {"error":"Rate limit exceeded: 5 per 1 minute"}
E   assert 429 == 200
E    +  where 429 = &lt;Response [429]&gt;.status_code</failure></testcase><testcase classname="backend.tests.test_staff_module.TestStaffAccessControl" name="test_staff_cannot_list_other_staff" time="0.097"><error message="failed on setup with &quot;KeyError: 'access_token'&quot;">backend/tests/test_staff_module.py:354: in reseller_token
    return response.json()["access_token"]
           ^^^^^^^^^^^^^^^^^^^^^^^^^^^^^^^
E   KeyError: 'access_token'</error></testcase><testcase classname="backend.tests.test_staff_module.TestExistingStaffUser" name="test_existing_staff_user_login" time="0.213"><failure message="AssertionError: Login failed: {&quot;error&quot;:&quot;Rate limit exceeded: 5 per 1 minute&quot;}&#10;assert 429 == 200&#10; +  where 429 = &lt;Response [429]&gt;.status_code">backend/tests/test_staff_module.py:417: in test_existing_staff_user_login
    assert response.status_code == 200, f"Login failed: {response.text}"
E   AssertionError: Login failed: {"error":"Rate limit exceeded: 5 per 1 minute"}
E   assert 429 == 200
E    +  where 429 = &lt;Response [429]&gt;.status_code</failure></testcase></testsuite></testsuites>