<?xml version="1.0" encoding="utf-8"?><testsuites name="pytest tests"><testsuite name="pytest" errors="0" failures="0" skipped="0" tests="24" time="5.772" timestamp="2026-03-18T13:41:01.418951+00:00" hostname="agent-env-365eab7c-f296-4538-84b5-2f5137cc850a"><testcase classname="backend.tests.test_api_keys_sync.TestAdminAuth" name="test_admin_login_success" time="0.408" /><testcase classname="backend.tests.test_api_keys_sync.TestApiKeyCRUD" name="test_create_api_key_success" time="0.627" /><testcase classname="backend.tests.test_api_keys_sync.TestApiKeyCRUD" name="test_create_api_key_without_name_fails" time="0.130" /><testcase classname="backend.tests.test_api_keys_sync.TestApiKeyCRUD" name="test_create_api_key_without_auth_fails" time="0.137" /><testcase classname="backend.tests.test_api_keys_sync.TestApiKeyCRUD" name="test_list_api_keys_success" time="0.133" /><testcase classname="backend.tests.test_api_keys_sync.TestApiKeyCRUD" name="test_list_api_keys_without_auth_fails" time="0.120" /><testcase classname="backend.tests.test_api_keys_sync.TestApiKeyCRUD" name="test_update_api_key_webhook_url" time="0.363" /><testcase classname="backend.tests.test_api_keys_sync.TestApiKeyCRUD" name="test_update_api_key_toggle_active" time="0.490" /><testcase classname="backend.tests.test_api_keys_sync.TestApiKeyCRUD" name="test_update_nonexistent_key_returns_404" time="0.104" /><testcase classname="backend.tests.test_api_keys_sync.TestApiKeyCRUD" name="test_delete_api_key_success" time="0.350" /><testcase classname="backend.tests.test_api_keys_sync.TestApiKeyCRUD" name="test_delete_nonexistent_key_returns_404" time="0.115" /><testcase classname="backend.tests.test_api_keys_sync.TestSyncEndpoints" name="test_sync_products_success" time="0.110" /><testcase classname="backend.tests.test_api_keys_sync.TestSyncEndpoints" name="test_sync_products_without_api_key_fails" time="0.105" /><testcase classname="backend.tests.test_api_keys_sync.TestSyncEndpoints" name="test_sync_products_with_invalid_key_fails" time="0.108" /><testcase classname="backend.tests.test_api_keys_sync.TestSyncEndpoints" name="test_sync_styling_suits_success" time="0.113" /><testcase classname="backend.tests.test_api_keys_sync.TestSyncEndpoints" name="test_sync_styling_without_api_key_fails" time="0.107" /><testcase classname="backend.tests.test_api_keys_sync.TestSyncEndpoints" name="test_sync_measurements_success" time="0.126" /><testcase classname="backend.tests.test_api_keys_sync.TestSyncEndpoints" name="test_sync_measurements_without_api_key_fails" time="0.111" /><testcase classname="backend.tests.test_api_keys_sync.TestSyncEndpoints" name="test_sync_all_success" time="0.127" /><testcase classname="backend.tests.test_api_keys_sync.TestSyncEndpoints" name="test_sync_all_without_api_key_fails" time="0.114" /><testcase classname="backend.tests.test_api_keys_sync.TestInactiveApiKey" name="test_sync_with_inactive_key_fails" time="0.470" /><testcase classname="backend.tests.test_api_keys_sync.TestWebhookLogs" name="test_get_webhook_logs" time="0.114" /><testcase classname="backend.tests.test_api_keys_sync.TestWebhookLogs" name="test_get_webhook_logs_without_auth_fails" time="0.129" /><testcase classname="backend.tests.test_api_keys_sync.TestApiKeyUsageTracking" name="test_usage_count_increments" time="0.986" /></testsuite></testsuites>