<?xml version="1.0" encoding="utf-8"?><testsuites name="pytest tests"><testsuite name="pytest" errors="0" failures="2" skipped="0" tests="17" time="2.084" timestamp="2026-02-18T07:48:33.989280+00:00" hostname="agent-env-61d739bc-e20c-4997-a629-731f30ae132b"><testcase classname="backend.tests.test_products_api.TestHealthCheck" name="test_health_endpoint" time="0.263" /><testcase classname="backend.tests.test_products_api.TestProductCategories" name="test_get_categories_returns_list" time="0.103" /><testcase classname="backend.tests.test_products_api.TestProductCategories" name="test_categories_have_required_fields" time="0.097" /><testcase classname="backend.tests.test_products_api.TestProductCategories" name="test_products_have_config_fields" time="0.094" /><testcase classname="backend.tests.test_products_api.TestProductCategories" name="test_config_fields_structure" time="0.104" /><testcase classname="backend.tests.test_products_api.TestProductCategories" name="test_suits_jackets_category_exists" time="0.106" /><testcase classname="backend.tests.test_products_api.TestProductCategories" name="test_shirts_category_exists" time="0.109" /><testcase classname="backend.tests.test_products_api.TestProductCategories" name="test_get_single_category" time="0.136" /><testcase classname="backend.tests.test_products_api.TestProductCategories" name="test_get_nonexistent_category_returns_404" time="0.103" /><testcase classname="backend.tests.test_products_api.TestCustomersAPI" name="test_get_customers_returns_list" time="0.108" /><testcase classname="backend.tests.test_products_api.TestCustomersAPI" name="test_customers_have_required_fields" time="0.100" /><testcase classname="backend.tests.test_products_api.TestCustomersAPI" name="test_rahul_sharma_exists" time="0.101" /><testcase classname="backend.tests.test_products_api.TestProductConfigFields" name="test_suits_has_fabric_lining_button" time="0.101" /><testcase classname="backend.tests.test_products_api.TestProductConfigFields" name="test_pants_has_fabric_and_optional_lining" time="0.101" /><testcase classname="backend.tests.test_products_api.TestProductConfigFields" name="test_formal_shirts_has_collar_dropdown" time="0.109" /><testcase classname="backend.tests.test_products_api.TestAuthenticationAPI" name="test_admin_login_success" time="0.103"><failure message="assert 404 == 200&#10; +  where 404 = &lt;Response [404]&gt;.status_code">backend/tests/test_products_api.py:263: in test_admin_login_success
    assert response.status_code == 200
E   assert 404 == 200
E    +  where 404 = &lt;Response [404]&gt;.status_code</failure></testcase><testcase classname="backend.tests.test_products_api.TestAuthenticationAPI" name="test_admin_login_invalid_credentials" time="0.100"><failure message="assert 404 == 401&#10; +  where 404 = &lt;Response [404]&gt;.status_code">backend/tests/test_products_api.py:274: in test_admin_login_invalid_credentials
    assert response.status_code == 401
E   assert 404 == 401
E    +  where 404 = &lt;Response [404]&gt;.status_code</failure></testcase></testsuite></testsuites>