<?xml version="1.0" encoding="utf-8"?><testsuites name="pytest tests"><testsuite name="pytest" errors="0" failures="0" skipped="0" tests="15" time="3.831" timestamp="2026-02-20T06:39:50.423989+00:00" hostname="agent-env-6d69bc85-19ed-464d-aec4-e8ef8f6fa052"><testcase classname="backend.tests.test_order_edit_axios_interceptor.TestAuthAndInterceptor" name="test_reseller_login" time="0.380" /><testcase classname="backend.tests.test_order_edit_axios_interceptor.TestAuthAndInterceptor" name="test_unauthorized_request_without_token" time="0.109" /><testcase classname="backend.tests.test_order_edit_axios_interceptor.TestAuthAndInterceptor" name="test_authorized_request_with_token" time="0.409" /><testcase classname="backend.tests.test_order_edit_axios_interceptor.TestOrderCRUD" name="test_list_orders" time="0.453" /><testcase classname="backend.tests.test_order_edit_axios_interceptor.TestOrderCRUD" name="test_list_wip_orders" time="0.054" /><testcase classname="backend.tests.test_order_edit_axios_interceptor.TestOrderCRUD" name="test_create_order" time="0.145" /><testcase classname="backend.tests.test_order_edit_axios_interceptor.TestOrderCRUD" name="test_get_order" time="0.212" /><testcase classname="backend.tests.test_order_edit_axios_interceptor.TestOrderCRUD" name="test_update_order_put" time="0.209" /><testcase classname="backend.tests.test_order_edit_axios_interceptor.TestOrderCRUD" name="test_update_preserves_order_id" time="0.217" /><testcase classname="backend.tests.test_order_edit_axios_interceptor.TestOrderCRUD" name="test_update_nonexistent_order" time="0.050" /><testcase classname="backend.tests.test_order_edit_axios_interceptor.TestOrderEditFlow" name="test_get_order_contains_customer_info" time="0.412" /><testcase classname="backend.tests.test_order_edit_axios_interceptor.TestOrderEditFlow" name="test_order_items_contain_configuration" time="0.050" /><testcase classname="backend.tests.test_order_edit_axios_interceptor.TestCopyOrder" name="test_copy_order" time="0.525" /><testcase classname="backend.tests.test_order_edit_axios_interceptor.TestOrderSettings" name="test_get_order_settings" time="0.102" /><testcase classname="backend.tests.test_order_edit_axios_interceptor.TestDataIsolation" name="test_orders_filtered_by_reseller" time="0.433" /></testsuite></testsuites>