<?xml version="1.0" encoding="utf-8"?><testsuites name="pytest tests"><testsuite name="pytest" errors="0" failures="0" skipped="0" tests="21" time="13.638" timestamp="2026-02-18T13:54:56.260771+00:00" hostname="agent-env-88b9b9f4-8d14-4c54-a0f1-19e84bd5a2d9"><testcase classname="backend.tests.test_admin_panel_api.TestAdminAuth" name="test_admin_login_success" time="0.462" /><testcase classname="backend.tests.test_admin_panel_api.TestAdminAuth" name="test_admin_login_invalid_password" time="0.370" /><testcase classname="backend.tests.test_admin_panel_api.TestAdminAuth" name="test_auth_me_endpoint" time="0.519" /><testcase classname="backend.tests.test_admin_panel_api.TestAdminOrderManagement" name="test_get_all_orders_admin" time="0.498" /><testcase classname="backend.tests.test_admin_panel_api.TestAdminOrderManagement" name="test_get_orders_by_status" time="0.767" /><testcase classname="backend.tests.test_admin_panel_api.TestAdminOrderManagement" name="test_update_order_status" time="0.744" /><testcase classname="backend.tests.test_admin_panel_api.TestAdminOrderManagement" name="test_admin_update_order_full" time="0.590" /><testcase classname="backend.tests.test_admin_panel_api.TestAdminUserManagement" name="test_get_all_users" time="0.466" /><testcase classname="backend.tests.test_admin_panel_api.TestAdminUserManagement" name="test_create_user" time="1.028" /><testcase classname="backend.tests.test_admin_panel_api.TestAdminUserManagement" name="test_update_user" time="1.017" /><testcase classname="backend.tests.test_admin_panel_api.TestAdminUserManagement" name="test_delete_user" time="0.997" /><testcase classname="backend.tests.test_admin_panel_api.TestRolesManagement" name="test_get_all_roles" time="0.527" /><testcase classname="backend.tests.test_admin_panel_api.TestRolesManagement" name="test_create_role" time="0.750" /><testcase classname="backend.tests.test_admin_panel_api.TestRolesManagement" name="test_update_role" time="0.746" /><testcase classname="backend.tests.test_admin_panel_api.TestRolesManagement" name="test_cannot_delete_system_roles" time="0.600" /><testcase classname="backend.tests.test_admin_panel_api.TestStripeSettings" name="test_get_stripe_settings" time="0.550" /><testcase classname="backend.tests.test_admin_panel_api.TestStripeSettings" name="test_update_stripe_settings" time="0.684" /><testcase classname="backend.tests.test_admin_panel_api.TestStripeSettings" name="test_get_stripe_public_key" time="0.469" /><testcase classname="backend.tests.test_admin_panel_api.TestMarketingSettings" name="test_get_marketing_settings" time="0.491" /><testcase classname="backend.tests.test_admin_panel_api.TestMarketingSettings" name="test_update_marketing_settings" time="0.814" /><testcase classname="backend.tests.test_admin_panel_api.TestMarketingSettings" name="test_track_event" time="0.468" /></testsuite></testsuites>